#
# There is insufficient memory for the Java Runtime Environment to continue.
# Native memory allocation (malloc) failed to allocate 32744 bytes for ChunkPool::allocate
# Possible reasons:
#   The system is out of physical RAM or swap space
#   The process is running with CompressedOops enabled, and the Java Heap may be blocking the growth of the native heap
# Possible solutions:
#   Reduce memory load on the system
#   Increase physical memory or swap space
#   Check if swap backing store is full
#   Decrease Java heap size (-Xmx/-Xms)
#   Decrease number of Java threads
#   Decrease Java thread stack sizes (-Xss)
#   Set larger code cache with -XX:ReservedCodeCacheSize=
#   JVM is running with Zero Based Compressed Oops mode in which the Java heap is
#     placed in the first 32GB address space. The Java Heap base address is the
#     maximum limit for the native heap growth. Please use -XX:HeapBaseMinAddress
#     to set the Java Heap base and to place the Java Heap above 32GB virtual address.
# This output file may be truncated or incomplete.
#
#  Out of Memory Error (t:/workspace/open/src/hotspot/share/memory/arena.cpp:81), pid=6164, tid=2632
#
# JRE version: Java(TM) SE Runtime Environment (12.0.2+10) (build 12.0.2+10)
# Java VM: Java HotSpot(TM) 64-Bit Server VM (12.0.2+10, mixed mode, sharing, tiered, compressed oops, g1 gc, windows-amd64)
# No core dump will be written. Minidumps are not enabled by default on client versions of Windows
#

---------------  S U M M A R Y ------------

Command Line: -agentlib:jdwp=transport=dt_socket,address=127.0.0.1:49214,suspend=y,server=n -ea -Didea.test.cyclic.buffer.size=1048576 -javaagent:C:\Users\Sergey\AppData\Local\JetBrains\IntelliJIdea2020.2\captureAgent\debugger-agent.jar -Dfile.encoding=UTF-8 com.intellij.rt.junit.JUnitStarter -ideVersion5 -junit5 me.biathlonvsu.biathlon.Service.UserServiceTest,subscribeToBiathlete

Host: Intel(R) Core(TM) i5-8265U CPU @ 1.60GHz, 8 cores, 15G,  Windows 10 , 64 bit Build 19041 (10.0.19041.1566)
Time: Mon Mar 28 13:33:02 2022 RTZ 2 (зима) elapsed time: 3 seconds (0d 0h 0m 3s)

---------------  T H R E A D  ---------------

Current thread (0x0000019df007d800):  JavaThread "C1 CompilerThread0" daemon [_thread_in_native, id=2632, stack(0x0000004748700000,0x0000004748800000)]


Current CompileTask:
C1:   3248 2614       3       jdk.internal.org.objectweb.asm.Frame::pop (53 bytes)

Stack: [0x0000004748700000,0x0000004748800000]
Native frames: (J=compiled Java code, j=interpreted, Vv=VM code, C=native code)
V  [jvm.dll+0x63aa2a]
V  [jvm.dll+0x78ce1e]
V  [jvm.dll+0x78e4c1]
V  [jvm.dll+0x78eb13]
V  [jvm.dll+0x2627e8]
V  [jvm.dll+0xc57f6]
V  [jvm.dll+0xc5b4c]
V  [jvm.dll+0xd0dba]
V  [jvm.dll+0x162d47]
V  [jvm.dll+0x160cce]
V  [jvm.dll+0x14bde0]
V  [jvm.dll+0x131729]
V  [jvm.dll+0x131029]
V  [jvm.dll+0x13125f]
V  [jvm.dll+0x1303c7]
V  [jvm.dll+0x132477]
V  [jvm.dll+0x22a744]
V  [jvm.dll+0x228d98]
V  [jvm.dll+0x7512a0]
V  [jvm.dll+0x74a2c8]
V  [jvm.dll+0x639b16]
C  [ucrtbase.dll+0x21bb2]
C  [KERNEL32.DLL+0x17034]
C  [ntdll.dll+0x52651]


---------------  P R O C E S S  ---------------

Threads class SMR info:
_java_thread_list=0x0000019df1e91c40, length=15, elements={
0x0000019dca7c8000, 0x0000019df0056000, 0x0000019df0057000, 0x0000019df0077800,
0x0000019df0079800, 0x0000019df007a800, 0x0000019df007d800, 0x0000019df090a000,
0x0000019df09f2800, 0x0000019df0b16000, 0x0000019df0ac3800, 0x0000019df0af9800,
0x0000019df0bfd000, 0x0000019df2de8000, 0x0000019df1e84800
}

Java Threads: ( => current thread )
  0x0000019dca7c8000 JavaThread "main" [_thread_blocked, id=9572, stack(0x0000004747b00000,0x0000004747c00000)]
  0x0000019df0056000 JavaThread "Reference Handler" daemon [_thread_blocked, id=20432, stack(0x0000004748200000,0x0000004748300000)]
  0x0000019df0057000 JavaThread "Finalizer" daemon [_thread_blocked, id=21484, stack(0x0000004748300000,0x0000004748400000)]
  0x0000019df0077800 JavaThread "Signal Dispatcher" daemon [_thread_blocked, id=13832, stack(0x0000004748400000,0x0000004748500000)]
  0x0000019df0079800 JavaThread "Attach Listener" daemon [_thread_blocked, id=21236, stack(0x0000004748500000,0x0000004748600000)]
  0x0000019df007a800 JavaThread "C2 CompilerThread0" daemon [_thread_in_native, id=808, stack(0x0000004748600000,0x0000004748700000)]
=>0x0000019df007d800 JavaThread "C1 CompilerThread0" daemon [_thread_in_native, id=2632, stack(0x0000004748700000,0x0000004748800000)]
  0x0000019df090a000 JavaThread "Sweeper thread" daemon [_thread_blocked, id=11092, stack(0x0000004748800000,0x0000004748900000)]
  0x0000019df09f2800 JavaThread "Common-Cleaner" daemon [_thread_blocked, id=10836, stack(0x0000004748900000,0x0000004748a00000)]
  0x0000019df0b16000 JavaThread "JDWP Transport Listener: dt_socket" daemon [_thread_blocked, id=6616, stack(0x0000004748b00000,0x0000004748c00000)]
  0x0000019df0ac3800 JavaThread "JDWP Event Helper Thread" daemon [_thread_blocked, id=14740, stack(0x0000004748c00000,0x0000004748d00000)]
  0x0000019df0af9800 JavaThread "JDWP Command Reader" daemon [_thread_in_native, id=22788, stack(0x0000004748d00000,0x0000004748e00000)]
  0x0000019df0bfd000 JavaThread "Service Thread" daemon [_thread_blocked, id=2728, stack(0x0000004748e00000,0x0000004748f00000)]
  0x0000019df2de8000 JavaThread "C2 CompilerThread1" daemon [_thread_in_native, id=12616, stack(0x0000004748a00000,0x0000004748b00000)]
  0x0000019df1e84800 JavaThread "background-preinit" [_thread_blocked, id=17400, stack(0x0000004749500000,0x0000004749600000)]

Other Threads:
  0x0000019df0052800 VMThread "VM Thread" [stack: 0x0000004748100000,0x0000004748200000] [id=16476]
  0x0000019df0c3d000 WatcherThread [stack: 0x0000004748f00000,0x0000004749000000] [id=12604]
  0x0000019dca82e000 GCTaskThread "GC Thread#0" [stack: 0x0000004747c00000,0x0000004747d00000] [id=9172]
  0x0000019df15b6800 GCTaskThread "GC Thread#1" [stack: 0x0000004749000000,0x0000004749100000] [id=15768]
  0x0000019df173c800 GCTaskThread "GC Thread#2" [stack: 0x0000004749100000,0x0000004749200000] [id=9168]
  0x0000019df173d000 GCTaskThread "GC Thread#3" [stack: 0x0000004749200000,0x0000004749300000] [id=20592]
  0x0000019df173e000 GCTaskThread "GC Thread#4" [stack: 0x0000004749300000,0x0000004749400000] [id=16548]
  0x0000019df177c000 GCTaskThread "GC Thread#5" [stack: 0x0000004749400000,0x0000004749500000] [id=15752]
  0x0000019dca849800 ConcurrentGCThread "G1 Main Marker" [stack: 0x0000004747d00000,0x0000004747e00000] [id=2564]
  0x0000019dca84c800 ConcurrentGCThread "G1 Conc#0" [stack: 0x0000004747e00000,0x0000004747f00000] [id=16684]
  0x0000019deff49800 ConcurrentGCThread "G1 Refine#0" [stack: 0x0000004747f00000,0x0000004748000000] [id=21072]
  0x0000019deff4a800 ConcurrentGCThread "G1 Young RemSet Sampling" [stack: 0x0000004748000000,0x0000004748100000] [id=12924]

Threads with active compile tasks:
C2 CompilerThread0  2512       4       org.springframework.boot.context.properties.source.ConfigurationPropertyName$ElementsParser::parse (234 bytes)
C1 CompilerThread0  2614       3       jdk.internal.org.objectweb.asm.Frame::pop (53 bytes)
C2 CompilerThread1  2394   !   4       jdk.internal.loader.BuiltinClassLoader::loadClassOrNull (143 bytes)

VM state:at safepoint (normal execution)

VM Mutex/Monitor currently owned by a thread:  ([mutex/lock_event])
[0x0000019dca7c4020] Threads_lock - owner thread: 0x0000019df0052800

Heap address: 0x0000000702600000, size: 4058 MB, Compressed Oops mode: Zero based, Oop shift amount: 3
Narrow klass base: 0x0000000800000000, Narrow klass shift: 3
Compressed class space size: 1073741824 Address: 0x0000000801190000

Heap:
 garbage-first heap   total 260096K, used 139066K [0x0000000702600000, 0x0000000800000000)
  region size 1024K, 133 young (136192K), 3 survivors (3072K)
 Metaspace       used 19641K, capacity 20586K, committed 20864K, reserved 1071104K
  class space    used 2852K, capacity 3170K, committed 3200K, reserved 1048576K
Heap Regions: E=young(eden), S=young(survivor), O=old, HS=humongous(starts), HC=humongous(continues), CS=collection set, F=free, A=archive, TAMS=top-at-mark-start (previous, next)
|   0|0x0000000702600000, 0x0000000702700000, 0x0000000702700000|100%|HS|  |TAMS 0x0000000702600000, 0x0000000702600000| Complete 
|   1|0x0000000702700000, 0x0000000702800000, 0x0000000702800000|100%| O|  |TAMS 0x0000000702700000, 0x0000000702700000| Untracked 
|   2|0x0000000702800000, 0x0000000702900000, 0x0000000702900000|100%| O|  |TAMS 0x0000000702800000, 0x0000000702800000| Untracked 
|   3|0x0000000702900000, 0x00000007029cea00, 0x0000000702a00000| 80%| O|  |TAMS 0x0000000702900000, 0x0000000702900000| Untracked 
|   4|0x0000000702a00000, 0x0000000702a00000, 0x0000000702b00000|  0%| F|  |TAMS 0x0000000702a00000, 0x0000000702a00000| Untracked 
|   5|0x0000000702b00000, 0x0000000702b00000, 0x0000000702c00000|  0%| F|  |TAMS 0x0000000702b00000, 0x0000000702b00000| Untracked 
|   6|0x0000000702c00000, 0x0000000702c00000, 0x0000000702d00000|  0%| F|  |TAMS 0x0000000702c00000, 0x0000000702c00000| Untracked 
|   7|0x0000000702d00000, 0x0000000702d00000, 0x0000000702e00000|  0%| F|  |TAMS 0x0000000702d00000, 0x0000000702d00000| Untracked 
|   8|0x0000000702e00000, 0x0000000702e00000, 0x0000000702f00000|  0%| F|  |TAMS 0x0000000702e00000, 0x0000000702e00000| Untracked 
|   9|0x0000000702f00000, 0x0000000702f00000, 0x0000000703000000|  0%| F|  |TAMS 0x0000000702f00000, 0x0000000702f00000| Untracked 
|  10|0x0000000703000000, 0x0000000703000000, 0x0000000703100000|  0%| F|  |TAMS 0x0000000703000000, 0x0000000703000000| Untracked 
|  11|0x0000000703100000, 0x0000000703100000, 0x0000000703200000|  0%| F|  |TAMS 0x0000000703100000, 0x0000000703100000| Untracked 
|  12|0x0000000703200000, 0x0000000703200000, 0x0000000703300000|  0%| F|  |TAMS 0x0000000703200000, 0x0000000703200000| Untracked 
|  13|0x0000000703300000, 0x0000000703300000, 0x0000000703400000|  0%| F|  |TAMS 0x0000000703300000, 0x0000000703300000| Untracked 
|  14|0x0000000703400000, 0x0000000703400000, 0x0000000703500000|  0%| F|  |TAMS 0x0000000703400000, 0x0000000703400000| Untracked 
|  15|0x0000000703500000, 0x0000000703500000, 0x0000000703600000|  0%| F|  |TAMS 0x0000000703500000, 0x0000000703500000| Untracked 
|  16|0x0000000703600000, 0x0000000703600000, 0x0000000703700000|  0%| F|  |TAMS 0x0000000703600000, 0x0000000703600000| Untracked 
|  17|0x0000000703700000, 0x0000000703700000, 0x0000000703800000|  0%| F|  |TAMS 0x0000000703700000, 0x0000000703700000| Untracked 
|  18|0x0000000703800000, 0x0000000703800000, 0x0000000703900000|  0%| F|  |TAMS 0x0000000703800000, 0x0000000703800000| Untracked 
|  19|0x0000000703900000, 0x0000000703900000, 0x0000000703a00000|  0%| F|  |TAMS 0x0000000703900000, 0x0000000703900000| Untracked 
|  20|0x0000000703a00000, 0x0000000703a00000, 0x0000000703b00000|  0%| F|  |TAMS 0x0000000703a00000, 0x0000000703a00000| Untracked 
|  21|0x0000000703b00000, 0x0000000703b00000, 0x0000000703c00000|  0%| F|  |TAMS 0x0000000703b00000, 0x0000000703b00000| Untracked 
|  22|0x0000000703c00000, 0x0000000703c00000, 0x0000000703d00000|  0%| F|  |TAMS 0x0000000703c00000, 0x0000000703c00000| Untracked 
|  23|0x0000000703d00000, 0x0000000703d00000, 0x0000000703e00000|  0%| F|  |TAMS 0x0000000703d00000, 0x0000000703d00000| Untracked 
|  24|0x0000000703e00000, 0x0000000703e00000, 0x0000000703f00000|  0%| F|  |TAMS 0x0000000703e00000, 0x0000000703e00000| Untracked 
|  25|0x0000000703f00000, 0x0000000703f00000, 0x0000000704000000|  0%| F|  |TAMS 0x0000000703f00000, 0x0000000703f00000| Untracked 
|  26|0x0000000704000000, 0x0000000704000000, 0x0000000704100000|  0%| F|  |TAMS 0x0000000704000000, 0x0000000704000000| Untracked 
|  27|0x0000000704100000, 0x0000000704100000, 0x0000000704200000|  0%| F|  |TAMS 0x0000000704100000, 0x0000000704100000| Untracked 
|  28|0x0000000704200000, 0x0000000704200000, 0x0000000704300000|  0%| F|  |TAMS 0x0000000704200000, 0x0000000704200000| Untracked 
|  29|0x0000000704300000, 0x0000000704300000, 0x0000000704400000|  0%| F|  |TAMS 0x0000000704300000, 0x0000000704300000| Untracked 
|  30|0x0000000704400000, 0x0000000704400000, 0x0000000704500000|  0%| F|  |TAMS 0x0000000704400000, 0x0000000704400000| Untracked 
|  31|0x0000000704500000, 0x0000000704500000, 0x0000000704600000|  0%| F|  |TAMS 0x0000000704500000, 0x0000000704500000| Untracked 
|  32|0x0000000704600000, 0x0000000704600000, 0x0000000704700000|  0%| F|  |TAMS 0x0000000704600000, 0x0000000704600000| Untracked 
|  33|0x0000000704700000, 0x0000000704700000, 0x0000000704800000|  0%| F|  |TAMS 0x0000000704700000, 0x0000000704700000| Untracked 
|  34|0x0000000704800000, 0x0000000704800000, 0x0000000704900000|  0%| F|  |TAMS 0x0000000704800000, 0x0000000704800000| Untracked 
|  35|0x0000000704900000, 0x0000000704900000, 0x0000000704a00000|  0%| F|  |TAMS 0x0000000704900000, 0x0000000704900000| Untracked 
|  36|0x0000000704a00000, 0x0000000704a00000, 0x0000000704b00000|  0%| F|  |TAMS 0x0000000704a00000, 0x0000000704a00000| Untracked 
|  37|0x0000000704b00000, 0x0000000704b00000, 0x0000000704c00000|  0%| F|  |TAMS 0x0000000704b00000, 0x0000000704b00000| Untracked 
|  38|0x0000000704c00000, 0x0000000704c00000, 0x0000000704d00000|  0%| F|  |TAMS 0x0000000704c00000, 0x0000000704c00000| Untracked 
|  39|0x0000000704d00000, 0x0000000704d00000, 0x0000000704e00000|  0%| F|  |TAMS 0x0000000704d00000, 0x0000000704d00000| Untracked 
|  40|0x0000000704e00000, 0x0000000704e00000, 0x0000000704f00000|  0%| F|  |TAMS 0x0000000704e00000, 0x0000000704e00000| Untracked 
|  41|0x0000000704f00000, 0x0000000704f00000, 0x0000000705000000|  0%| F|  |TAMS 0x0000000704f00000, 0x0000000704f00000| Untracked 
|  42|0x0000000705000000, 0x0000000705000000, 0x0000000705100000|  0%| F|  |TAMS 0x0000000705000000, 0x0000000705000000| Untracked 
|  43|0x0000000705100000, 0x0000000705100000, 0x0000000705200000|  0%| F|  |TAMS 0x0000000705100000, 0x0000000705100000| Untracked 
|  44|0x0000000705200000, 0x0000000705200000, 0x0000000705300000|  0%| F|  |TAMS 0x0000000705200000, 0x0000000705200000| Untracked 
|  45|0x0000000705300000, 0x0000000705300000, 0x0000000705400000|  0%| F|  |TAMS 0x0000000705300000, 0x0000000705300000| Untracked 
|  46|0x0000000705400000, 0x0000000705400000, 0x0000000705500000|  0%| F|  |TAMS 0x0000000705400000, 0x0000000705400000| Untracked 
|  47|0x0000000705500000, 0x0000000705500000, 0x0000000705600000|  0%| F|  |TAMS 0x0000000705500000, 0x0000000705500000| Untracked 
|  48|0x0000000705600000, 0x0000000705600000, 0x0000000705700000|  0%| F|  |TAMS 0x0000000705600000, 0x0000000705600000| Untracked 
|  49|0x0000000705700000, 0x0000000705700000, 0x0000000705800000|  0%| F|  |TAMS 0x0000000705700000, 0x0000000705700000| Untracked 
|  50|0x0000000705800000, 0x0000000705800000, 0x0000000705900000|  0%| F|  |TAMS 0x0000000705800000, 0x0000000705800000| Untracked 
|  51|0x0000000705900000, 0x0000000705900000, 0x0000000705a00000|  0%| F|  |TAMS 0x0000000705900000, 0x0000000705900000| Untracked 
|  52|0x0000000705a00000, 0x0000000705a00000, 0x0000000705b00000|  0%| F|  |TAMS 0x0000000705a00000, 0x0000000705a00000| Untracked 
|  53|0x0000000705b00000, 0x0000000705b00000, 0x0000000705c00000|  0%| F|  |TAMS 0x0000000705b00000, 0x0000000705b00000| Untracked 
|  54|0x0000000705c00000, 0x0000000705c00000, 0x0000000705d00000|  0%| F|  |TAMS 0x0000000705c00000, 0x0000000705c00000| Untracked 
|  55|0x0000000705d00000, 0x0000000705d00000, 0x0000000705e00000|  0%| F|  |TAMS 0x0000000705d00000, 0x0000000705d00000| Untracked 
|  56|0x0000000705e00000, 0x0000000705e00000, 0x0000000705f00000|  0%| F|  |TAMS 0x0000000705e00000, 0x0000000705e00000| Untracked 
|  57|0x0000000705f00000, 0x0000000705f00000, 0x0000000706000000|  0%| F|  |TAMS 0x0000000705f00000, 0x0000000705f00000| Untracked 
|  58|0x0000000706000000, 0x0000000706000000, 0x0000000706100000|  0%| F|  |TAMS 0x0000000706000000, 0x0000000706000000| Untracked 
|  59|0x0000000706100000, 0x0000000706100000, 0x0000000706200000|  0%| F|  |TAMS 0x0000000706100000, 0x0000000706100000| Untracked 
|  60|0x0000000706200000, 0x0000000706200000, 0x0000000706300000|  0%| F|  |TAMS 0x0000000706200000, 0x0000000706200000| Untracked 
|  61|0x0000000706300000, 0x0000000706300000, 0x0000000706400000|  0%| F|  |TAMS 0x0000000706300000, 0x0000000706300000| Untracked 
|  62|0x0000000706400000, 0x0000000706400000, 0x0000000706500000|  0%| F|  |TAMS 0x0000000706400000, 0x0000000706400000| Untracked 
|  63|0x0000000706500000, 0x0000000706500000, 0x0000000706600000|  0%| F|  |TAMS 0x0000000706500000, 0x0000000706500000| Untracked 
|  64|0x0000000706600000, 0x0000000706600000, 0x0000000706700000|  0%| F|  |TAMS 0x0000000706600000, 0x0000000706600000| Untracked 
|  65|0x0000000706700000, 0x0000000706700000, 0x0000000706800000|  0%| F|  |TAMS 0x0000000706700000, 0x0000000706700000| Untracked 
|  66|0x0000000706800000, 0x0000000706800000, 0x0000000706900000|  0%| F|  |TAMS 0x0000000706800000, 0x0000000706800000| Untracked 
|  67|0x0000000706900000, 0x0000000706900000, 0x0000000706a00000|  0%| F|  |TAMS 0x0000000706900000, 0x0000000706900000| Untracked 
|  68|0x0000000706a00000, 0x0000000706a00000, 0x0000000706b00000|  0%| F|  |TAMS 0x0000000706a00000, 0x0000000706a00000| Untracked 
|  69|0x0000000706b00000, 0x0000000706b00000, 0x0000000706c00000|  0%| F|  |TAMS 0x0000000706b00000, 0x0000000706b00000| Untracked 
|  70|0x0000000706c00000, 0x0000000706c00000, 0x0000000706d00000|  0%| F|  |TAMS 0x0000000706c00000, 0x0000000706c00000| Untracked 
|  71|0x0000000706d00000, 0x0000000706d00000, 0x0000000706e00000|  0%| F|  |TAMS 0x0000000706d00000, 0x0000000706d00000| Untracked 
|  72|0x0000000706e00000, 0x0000000706e00000, 0x0000000706f00000|  0%| F|  |TAMS 0x0000000706e00000, 0x0000000706e00000| Untracked 
|  73|0x0000000706f00000, 0x0000000706f00000, 0x0000000707000000|  0%| F|  |TAMS 0x0000000706f00000, 0x0000000706f00000| Untracked 
|  74|0x0000000707000000, 0x0000000707000000, 0x0000000707100000|  0%| F|  |TAMS 0x0000000707000000, 0x0000000707000000| Untracked 
|  75|0x0000000707100000, 0x0000000707100000, 0x0000000707200000|  0%| F|  |TAMS 0x0000000707100000, 0x0000000707100000| Untracked 
|  76|0x0000000707200000, 0x0000000707200000, 0x0000000707300000|  0%| F|  |TAMS 0x0000000707200000, 0x0000000707200000| Untracked 
|  77|0x0000000707300000, 0x0000000707300000, 0x0000000707400000|  0%| F|  |TAMS 0x0000000707300000, 0x0000000707300000| Untracked 
|  78|0x0000000707400000, 0x0000000707400000, 0x0000000707500000|  0%| F|  |TAMS 0x0000000707400000, 0x0000000707400000| Untracked 
|  79|0x0000000707500000, 0x0000000707500000, 0x0000000707600000|  0%| F|  |TAMS 0x0000000707500000, 0x0000000707500000| Untracked 
|  80|0x0000000707600000, 0x0000000707600000, 0x0000000707700000|  0%| F|  |TAMS 0x0000000707600000, 0x0000000707600000| Untracked 
|  81|0x0000000707700000, 0x0000000707700000, 0x0000000707800000|  0%| F|  |TAMS 0x0000000707700000, 0x0000000707700000| Untracked 
|  82|0x0000000707800000, 0x0000000707800000, 0x0000000707900000|  0%| F|  |TAMS 0x0000000707800000, 0x0000000707800000| Untracked 
|  83|0x0000000707900000, 0x0000000707900000, 0x0000000707a00000|  0%| F|  |TAMS 0x0000000707900000, 0x0000000707900000| Untracked 
|  84|0x0000000707a00000, 0x0000000707a00000, 0x0000000707b00000|  0%| F|  |TAMS 0x0000000707a00000, 0x0000000707a00000| Untracked 
|  85|0x0000000707b00000, 0x0000000707b00000, 0x0000000707c00000|  0%| F|  |TAMS 0x0000000707b00000, 0x0000000707b00000| Untracked 
|  86|0x0000000707c00000, 0x0000000707c00000, 0x0000000707d00000|  0%| F|  |TAMS 0x0000000707c00000, 0x0000000707c00000| Untracked 
|  87|0x0000000707d00000, 0x0000000707d00000, 0x0000000707e00000|  0%| F|  |TAMS 0x0000000707d00000, 0x0000000707d00000| Untracked 
|  88|0x0000000707e00000, 0x0000000707e00000, 0x0000000707f00000|  0%| F|  |TAMS 0x0000000707e00000, 0x0000000707e00000| Untracked 
|  89|0x0000000707f00000, 0x0000000707f00000, 0x0000000708000000|  0%| F|  |TAMS 0x0000000707f00000, 0x0000000707f00000| Untracked 
|  90|0x0000000708000000, 0x0000000708000000, 0x0000000708100000|  0%| F|  |TAMS 0x0000000708000000, 0x0000000708000000| Untracked 
|  91|0x0000000708100000, 0x0000000708100000, 0x0000000708200000|  0%| F|  |TAMS 0x0000000708100000, 0x0000000708100000| Untracked 
|  92|0x0000000708200000, 0x0000000708200000, 0x0000000708300000|  0%| F|  |TAMS 0x0000000708200000, 0x0000000708200000| Untracked 
|  93|0x0000000708300000, 0x0000000708300000, 0x0000000708400000|  0%| F|  |TAMS 0x0000000708300000, 0x0000000708300000| Untracked 
|  94|0x0000000708400000, 0x0000000708400000, 0x0000000708500000|  0%| F|  |TAMS 0x0000000708400000, 0x0000000708400000| Untracked 
|  95|0x0000000708500000, 0x0000000708500000, 0x0000000708600000|  0%| F|  |TAMS 0x0000000708500000, 0x0000000708500000| Untracked 
|  96|0x0000000708600000, 0x0000000708600000, 0x0000000708700000|  0%| F|  |TAMS 0x0000000708600000, 0x0000000708600000| Untracked 
|  97|0x0000000708700000, 0x0000000708700000, 0x0000000708800000|  0%| F|  |TAMS 0x0000000708700000, 0x0000000708700000| Untracked 
|  98|0x0000000708800000, 0x0000000708800000, 0x0000000708900000|  0%| F|  |TAMS 0x0000000708800000, 0x0000000708800000| Untracked 
|  99|0x0000000708900000, 0x0000000708900000, 0x0000000708a00000|  0%| F|  |TAMS 0x0000000708900000, 0x0000000708900000| Untracked 
| 100|0x0000000708a00000, 0x0000000708a00000, 0x0000000708b00000|  0%| F|  |TAMS 0x0000000708a00000, 0x0000000708a00000| Untracked 
| 101|0x0000000708b00000, 0x0000000708b00000, 0x0000000708c00000|  0%| F|  |TAMS 0x0000000708b00000, 0x0000000708b00000| Untracked 
| 102|0x0000000708c00000, 0x0000000708c00000, 0x0000000708d00000|  0%| F|  |TAMS 0x0000000708c00000, 0x0000000708c00000| Untracked 
| 103|0x0000000708d00000, 0x0000000708d00000, 0x0000000708e00000|  0%| F|  |TAMS 0x0000000708d00000, 0x0000000708d00000| Untracked 
| 104|0x0000000708e00000, 0x0000000708e00000, 0x0000000708f00000|  0%| F|  |TAMS 0x0000000708e00000, 0x0000000708e00000| Untracked 
| 105|0x0000000708f00000, 0x0000000708f00000, 0x0000000709000000|  0%| F|  |TAMS 0x0000000708f00000, 0x0000000708f00000| Untracked 
| 106|0x0000000709000000, 0x0000000709000000, 0x0000000709100000|  0%| F|  |TAMS 0x0000000709000000, 0x0000000709000000| Untracked 
| 107|0x0000000709100000, 0x0000000709100000, 0x0000000709200000|  0%| F|  |TAMS 0x0000000709100000, 0x0000000709100000| Untracked 
| 108|0x0000000709200000, 0x0000000709200000, 0x0000000709300000|  0%| F|  |TAMS 0x0000000709200000, 0x0000000709200000| Untracked 
| 109|0x0000000709300000, 0x0000000709300000, 0x0000000709400000|  0%| F|  |TAMS 0x0000000709300000, 0x0000000709300000| Untracked 
| 110|0x0000000709400000, 0x0000000709400000, 0x0000000709500000|  0%| F|  |TAMS 0x0000000709400000, 0x0000000709400000| Untracked 
| 111|0x0000000709500000, 0x0000000709500000, 0x0000000709600000|  0%| F|  |TAMS 0x0000000709500000, 0x0000000709500000| Untracked 
| 112|0x0000000709600000, 0x0000000709600000, 0x0000000709700000|  0%| F|  |TAMS 0x0000000709600000, 0x0000000709600000| Untracked 
| 113|0x0000000709700000, 0x0000000709700000, 0x0000000709800000|  0%| F|  |TAMS 0x0000000709700000, 0x0000000709700000| Untracked 
| 114|0x0000000709800000, 0x0000000709800000, 0x0000000709900000|  0%| F|  |TAMS 0x0000000709800000, 0x0000000709800000| Untracked 
| 115|0x0000000709900000, 0x0000000709900000, 0x0000000709a00000|  0%| F|  |TAMS 0x0000000709900000, 0x0000000709900000| Untracked 
| 116|0x0000000709a00000, 0x0000000709a00000, 0x0000000709b00000|  0%| F|  |TAMS 0x0000000709a00000, 0x0000000709a00000| Untracked 
| 117|0x0000000709b00000, 0x0000000709b00000, 0x0000000709c00000|  0%| F|  |TAMS 0x0000000709b00000, 0x0000000709b00000| Untracked 
| 118|0x0000000709c00000, 0x0000000709c00000, 0x0000000709d00000|  0%| F|  |TAMS 0x0000000709c00000, 0x0000000709c00000| Untracked 
| 119|0x0000000709d00000, 0x0000000709d00000, 0x0000000709e00000|  0%| F|  |TAMS 0x0000000709d00000, 0x0000000709d00000| Untracked 
| 120|0x0000000709e00000, 0x0000000709e00000, 0x0000000709f00000|  0%| F|  |TAMS 0x0000000709e00000, 0x0000000709e00000| Untracked 
| 121|0x0000000709f00000, 0x0000000709f82010, 0x000000070a000000| 50%| E|  |TAMS 0x0000000709f00000, 0x0000000709f00000| Complete 
| 122|0x000000070a000000, 0x000000070a100000, 0x000000070a100000|100%| E|CS|TAMS 0x000000070a000000, 0x000000070a000000| Complete 
| 123|0x000000070a100000, 0x000000070a200000, 0x000000070a200000|100%| E|CS|TAMS 0x000000070a100000, 0x000000070a100000| Complete 
| 124|0x000000070a200000, 0x000000070a300000, 0x000000070a300000|100%| E|CS|TAMS 0x000000070a200000, 0x000000070a200000| Complete 
| 125|0x000000070a300000, 0x000000070a400000, 0x000000070a400000|100%| E|CS|TAMS 0x000000070a300000, 0x000000070a300000| Complete 
| 126|0x000000070a400000, 0x000000070a500000, 0x000000070a500000|100%| E|CS|TAMS 0x000000070a400000, 0x000000070a400000| Complete 
| 127|0x000000070a500000, 0x000000070a600000, 0x000000070a600000|100%| E|CS|TAMS 0x000000070a500000, 0x000000070a500000| Complete 
| 128|0x000000070a600000, 0x000000070a700000, 0x000000070a700000|100%| E|CS|TAMS 0x000000070a600000, 0x000000070a600000| Complete 
| 129|0x000000070a700000, 0x000000070a800000, 0x000000070a800000|100%| E|CS|TAMS 0x000000070a700000, 0x000000070a700000| Complete 
| 130|0x000000070a800000, 0x000000070a900000, 0x000000070a900000|100%| E|CS|TAMS 0x000000070a800000, 0x000000070a800000| Complete 
| 131|0x000000070a900000, 0x000000070aa00000, 0x000000070aa00000|100%| E|CS|TAMS 0x000000070a900000, 0x000000070a900000| Complete 
| 132|0x000000070aa00000, 0x000000070ab00000, 0x000000070ab00000|100%| E|CS|TAMS 0x000000070aa00000, 0x000000070aa00000| Complete 
| 133|0x000000070ab00000, 0x000000070ac00000, 0x000000070ac00000|100%| E|CS|TAMS 0x000000070ab00000, 0x000000070ab00000| Complete 
| 134|0x000000070ac00000, 0x000000070ad00000, 0x000000070ad00000|100%| E|CS|TAMS 0x000000070ac00000, 0x000000070ac00000| Complete 
| 135|0x000000070ad00000, 0x000000070ae00000, 0x000000070ae00000|100%| E|CS|TAMS 0x000000070ad00000, 0x000000070ad00000| Complete 
| 136|0x000000070ae00000, 0x000000070af00000, 0x000000070af00000|100%| E|CS|TAMS 0x000000070ae00000, 0x000000070ae00000| Complete 
| 137|0x000000070af00000, 0x000000070b000000, 0x000000070b000000|100%| E|CS|TAMS 0x000000070af00000, 0x000000070af00000| Complete 
| 138|0x000000070b000000, 0x000000070b100000, 0x000000070b100000|100%| E|CS|TAMS 0x000000070b000000, 0x000000070b000000| Complete 
| 139|0x000000070b100000, 0x000000070b200000, 0x000000070b200000|100%| E|CS|TAMS 0x000000070b100000, 0x000000070b100000| Complete 
| 140|0x000000070b200000, 0x000000070b300000, 0x000000070b300000|100%| E|CS|TAMS 0x000000070b200000, 0x000000070b200000| Complete 
| 141|0x000000070b300000, 0x000000070b400000, 0x000000070b400000|100%| E|CS|TAMS 0x000000070b300000, 0x000000070b300000| Complete 
| 142|0x000000070b400000, 0x000000070b500000, 0x000000070b500000|100%| E|CS|TAMS 0x000000070b400000, 0x000000070b400000| Complete 
| 143|0x000000070b500000, 0x000000070b600000, 0x000000070b600000|100%| E|CS|TAMS 0x000000070b500000, 0x000000070b500000| Complete 
| 144|0x000000070b600000, 0x000000070b700000, 0x000000070b700000|100%| E|CS|TAMS 0x000000070b600000, 0x000000070b600000| Complete 
| 145|0x000000070b700000, 0x000000070b800000, 0x000000070b800000|100%| E|CS|TAMS 0x000000070b700000, 0x000000070b700000| Complete 
| 146|0x000000070b800000, 0x000000070b900000, 0x000000070b900000|100%| E|CS|TAMS 0x000000070b800000, 0x000000070b800000| Complete 
| 147|0x000000070b900000, 0x000000070ba00000, 0x000000070ba00000|100%| E|CS|TAMS 0x000000070b900000, 0x000000070b900000| Complete 
| 148|0x000000070ba00000, 0x000000070bb00000, 0x000000070bb00000|100%| E|CS|TAMS 0x000000070ba00000, 0x000000070ba00000| Complete 
| 149|0x000000070bb00000, 0x000000070bc00000, 0x000000070bc00000|100%| E|CS|TAMS 0x000000070bb00000, 0x000000070bb00000| Complete 
| 150|0x000000070bc00000, 0x000000070bd00000, 0x000000070bd00000|100%| E|CS|TAMS 0x000000070bc00000, 0x000000070bc00000| Complete 
| 151|0x000000070bd00000, 0x000000070be00000, 0x000000070be00000|100%| E|CS|TAMS 0x000000070bd00000, 0x000000070bd00000| Complete 
| 152|0x000000070be00000, 0x000000070bf00000, 0x000000070bf00000|100%| E|CS|TAMS 0x000000070be00000, 0x000000070be00000| Complete 
| 153|0x000000070bf00000, 0x000000070c000000, 0x000000070c000000|100%| E|CS|TAMS 0x000000070bf00000, 0x000000070bf00000| Complete 
| 154|0x000000070c000000, 0x000000070c100000, 0x000000070c100000|100%| E|CS|TAMS 0x000000070c000000, 0x000000070c000000| Complete 
| 155|0x000000070c100000, 0x000000070c200000, 0x000000070c200000|100%| E|CS|TAMS 0x000000070c100000, 0x000000070c100000| Complete 
| 156|0x000000070c200000, 0x000000070c300000, 0x000000070c300000|100%| E|CS|TAMS 0x000000070c200000, 0x000000070c200000| Complete 
| 157|0x000000070c300000, 0x000000070c400000, 0x000000070c400000|100%| E|CS|TAMS 0x000000070c300000, 0x000000070c300000| Complete 
| 158|0x000000070c400000, 0x000000070c500000, 0x000000070c500000|100%| E|CS|TAMS 0x000000070c400000, 0x000000070c400000| Complete 
| 159|0x000000070c500000, 0x000000070c600000, 0x000000070c600000|100%| E|CS|TAMS 0x000000070c500000, 0x000000070c500000| Complete 
| 160|0x000000070c600000, 0x000000070c700000, 0x000000070c700000|100%| E|CS|TAMS 0x000000070c600000, 0x000000070c600000| Complete 
| 161|0x000000070c700000, 0x000000070c800000, 0x000000070c800000|100%| E|CS|TAMS 0x000000070c700000, 0x000000070c700000| Complete 
| 162|0x000000070c800000, 0x000000070c900000, 0x000000070c900000|100%| E|CS|TAMS 0x000000070c800000, 0x000000070c800000| Complete 
| 163|0x000000070c900000, 0x000000070ca00000, 0x000000070ca00000|100%| E|CS|TAMS 0x000000070c900000, 0x000000070c900000| Complete 
| 164|0x000000070ca00000, 0x000000070cb00000, 0x000000070cb00000|100%| E|CS|TAMS 0x000000070ca00000, 0x000000070ca00000| Complete 
| 165|0x000000070cb00000, 0x000000070cc00000, 0x000000070cc00000|100%| E|CS|TAMS 0x000000070cb00000, 0x000000070cb00000| Complete 
| 166|0x000000070cc00000, 0x000000070cd00000, 0x000000070cd00000|100%| E|CS|TAMS 0x000000070cc00000, 0x000000070cc00000| Complete 
| 167|0x000000070cd00000, 0x000000070ce00000, 0x000000070ce00000|100%| E|CS|TAMS 0x000000070cd00000, 0x000000070cd00000| Complete 
| 168|0x000000070ce00000, 0x000000070cf00000, 0x000000070cf00000|100%| E|CS|TAMS 0x000000070ce00000, 0x000000070ce00000| Complete 
| 169|0x000000070cf00000, 0x000000070d000000, 0x000000070d000000|100%| E|CS|TAMS 0x000000070cf00000, 0x000000070cf00000| Complete 
| 170|0x000000070d000000, 0x000000070d100000, 0x000000070d100000|100%| E|CS|TAMS 0x000000070d000000, 0x000000070d000000| Complete 
| 171|0x000000070d100000, 0x000000070d200000, 0x000000070d200000|100%| E|CS|TAMS 0x000000070d100000, 0x000000070d100000| Complete 
| 172|0x000000070d200000, 0x000000070d300000, 0x000000070d300000|100%| E|CS|TAMS 0x000000070d200000, 0x000000070d200000| Complete 
| 173|0x000000070d300000, 0x000000070d400000, 0x000000070d400000|100%| E|CS|TAMS 0x000000070d300000, 0x000000070d300000| Complete 
| 174|0x000000070d400000, 0x000000070d500000, 0x000000070d500000|100%| E|CS|TAMS 0x000000070d400000, 0x000000070d400000| Complete 
| 175|0x000000070d500000, 0x000000070d600000, 0x000000070d600000|100%| E|CS|TAMS 0x000000070d500000, 0x000000070d500000| Complete 
| 176|0x000000070d600000, 0x000000070d700000, 0x000000070d700000|100%| E|CS|TAMS 0x000000070d600000, 0x000000070d600000| Complete 
| 177|0x000000070d700000, 0x000000070d800000, 0x000000070d800000|100%| E|CS|TAMS 0x000000070d700000, 0x000000070d700000| Complete 
| 178|0x000000070d800000, 0x000000070d900000, 0x000000070d900000|100%| E|CS|TAMS 0x000000070d800000, 0x000000070d800000| Complete 
| 179|0x000000070d900000, 0x000000070da00000, 0x000000070da00000|100%| E|CS|TAMS 0x000000070d900000, 0x000000070d900000| Complete 
| 180|0x000000070da00000, 0x000000070db00000, 0x000000070db00000|100%| E|CS|TAMS 0x000000070da00000, 0x000000070da00000| Complete 
| 181|0x000000070db00000, 0x000000070dc00000, 0x000000070dc00000|100%| E|CS|TAMS 0x000000070db00000, 0x000000070db00000| Complete 
| 182|0x000000070dc00000, 0x000000070dd00000, 0x000000070dd00000|100%| E|CS|TAMS 0x000000070dc00000, 0x000000070dc00000| Complete 
| 183|0x000000070dd00000, 0x000000070de00000, 0x000000070de00000|100%| E|CS|TAMS 0x000000070dd00000, 0x000000070dd00000| Complete 
| 184|0x000000070de00000, 0x000000070df00000, 0x000000070df00000|100%| E|CS|TAMS 0x000000070de00000, 0x000000070de00000| Complete 
| 185|0x000000070df00000, 0x000000070e000000, 0x000000070e000000|100%| E|CS|TAMS 0x000000070df00000, 0x000000070df00000| Complete 
| 186|0x000000070e000000, 0x000000070e100000, 0x000000070e100000|100%| E|CS|TAMS 0x000000070e000000, 0x000000070e000000| Complete 
| 187|0x000000070e100000, 0x000000070e200000, 0x000000070e200000|100%| E|CS|TAMS 0x000000070e100000, 0x000000070e100000| Complete 
| 188|0x000000070e200000, 0x000000070e300000, 0x000000070e300000|100%| E|CS|TAMS 0x000000070e200000, 0x000000070e200000| Complete 
| 189|0x000000070e300000, 0x000000070e400000, 0x000000070e400000|100%| E|CS|TAMS 0x000000070e300000, 0x000000070e300000| Complete 
| 190|0x000000070e400000, 0x000000070e500000, 0x000000070e500000|100%| E|CS|TAMS 0x000000070e400000, 0x000000070e400000| Complete 
| 191|0x000000070e500000, 0x000000070e600000, 0x000000070e600000|100%| E|CS|TAMS 0x000000070e500000, 0x000000070e500000| Complete 
| 192|0x000000070e600000, 0x000000070e700000, 0x000000070e700000|100%| E|CS|TAMS 0x000000070e600000, 0x000000070e600000| Complete 
| 193|0x000000070e700000, 0x000000070e800000, 0x000000070e800000|100%| E|CS|TAMS 0x000000070e700000, 0x000000070e700000| Complete 
| 194|0x000000070e800000, 0x000000070e900000, 0x000000070e900000|100%| E|CS|TAMS 0x000000070e800000, 0x000000070e800000| Complete 
| 195|0x000000070e900000, 0x000000070ea00000, 0x000000070ea00000|100%| E|CS|TAMS 0x000000070e900000, 0x000000070e900000| Complete 
| 196|0x000000070ea00000, 0x000000070eb00000, 0x000000070eb00000|100%| E|CS|TAMS 0x000000070ea00000, 0x000000070ea00000| Complete 
| 197|0x000000070eb00000, 0x000000070ec00000, 0x000000070ec00000|100%| E|CS|TAMS 0x000000070eb00000, 0x000000070eb00000| Complete 
| 198|0x000000070ec00000, 0x000000070ed00000, 0x000000070ed00000|100%| E|CS|TAMS 0x000000070ec00000, 0x000000070ec00000| Complete 
| 199|0x000000070ed00000, 0x000000070ee00000, 0x000000070ee00000|100%| E|CS|TAMS 0x000000070ed00000, 0x000000070ed00000| Complete 
| 200|0x000000070ee00000, 0x000000070ef00000, 0x000000070ef00000|100%| E|CS|TAMS 0x000000070ee00000, 0x000000070ee00000| Complete 
| 201|0x000000070ef00000, 0x000000070f000000, 0x000000070f000000|100%| E|CS|TAMS 0x000000070ef00000, 0x000000070ef00000| Complete 
| 202|0x000000070f000000, 0x000000070f100000, 0x000000070f100000|100%| E|CS|TAMS 0x000000070f000000, 0x000000070f000000| Complete 
| 203|0x000000070f100000, 0x000000070f200000, 0x000000070f200000|100%| E|CS|TAMS 0x000000070f100000, 0x000000070f100000| Complete 
| 204|0x000000070f200000, 0x000000070f300000, 0x000000070f300000|100%| E|CS|TAMS 0x000000070f200000, 0x000000070f200000| Complete 
| 205|0x000000070f300000, 0x000000070f400000, 0x000000070f400000|100%| E|CS|TAMS 0x000000070f300000, 0x000000070f300000| Complete 
| 206|0x000000070f400000, 0x000000070f500000, 0x000000070f500000|100%| E|CS|TAMS 0x000000070f400000, 0x000000070f400000| Complete 
| 207|0x000000070f500000, 0x000000070f600000, 0x000000070f600000|100%| E|CS|TAMS 0x000000070f500000, 0x000000070f500000| Complete 
| 208|0x000000070f600000, 0x000000070f700000, 0x000000070f700000|100%| E|CS|TAMS 0x000000070f600000, 0x000000070f600000| Complete 
| 209|0x000000070f700000, 0x000000070f800000, 0x000000070f800000|100%| E|CS|TAMS 0x000000070f700000, 0x000000070f700000| Complete 
| 210|0x000000070f800000, 0x000000070f900000, 0x000000070f900000|100%| E|CS|TAMS 0x000000070f800000, 0x000000070f800000| Complete 
| 211|0x000000070f900000, 0x000000070fa00000, 0x000000070fa00000|100%| E|CS|TAMS 0x000000070f900000, 0x000000070f900000| Complete 
| 212|0x000000070fa00000, 0x000000070fb00000, 0x000000070fb00000|100%| E|CS|TAMS 0x000000070fa00000, 0x000000070fa00000| Complete 
| 213|0x000000070fb00000, 0x000000070fc00000, 0x000000070fc00000|100%| E|CS|TAMS 0x000000070fb00000, 0x000000070fb00000| Complete 
| 214|0x000000070fc00000, 0x000000070fd00000, 0x000000070fd00000|100%| E|CS|TAMS 0x000000070fc00000, 0x000000070fc00000| Complete 
| 215|0x000000070fd00000, 0x000000070fe00000, 0x000000070fe00000|100%| E|CS|TAMS 0x000000070fd00000, 0x000000070fd00000| Complete 
| 216|0x000000070fe00000, 0x000000070ff00000, 0x000000070ff00000|100%| E|CS|TAMS 0x000000070fe00000, 0x000000070fe00000| Complete 
| 217|0x000000070ff00000, 0x0000000710000000, 0x0000000710000000|100%| E|CS|TAMS 0x000000070ff00000, 0x000000070ff00000| Complete 
| 218|0x0000000710000000, 0x0000000710100000, 0x0000000710100000|100%| E|CS|TAMS 0x0000000710000000, 0x0000000710000000| Complete 
| 219|0x0000000710100000, 0x0000000710200000, 0x0000000710200000|100%| E|CS|TAMS 0x0000000710100000, 0x0000000710100000| Complete 
| 220|0x0000000710200000, 0x0000000710300000, 0x0000000710300000|100%| E|CS|TAMS 0x0000000710200000, 0x0000000710200000| Complete 
| 221|0x0000000710300000, 0x0000000710400000, 0x0000000710400000|100%| E|CS|TAMS 0x0000000710300000, 0x0000000710300000| Complete 
| 222|0x0000000710400000, 0x0000000710500000, 0x0000000710500000|100%| E|CS|TAMS 0x0000000710400000, 0x0000000710400000| Complete 
| 223|0x0000000710500000, 0x0000000710600000, 0x0000000710600000|100%| E|CS|TAMS 0x0000000710500000, 0x0000000710500000| Complete 
| 224|0x0000000710600000, 0x0000000710700000, 0x0000000710700000|100%| E|CS|TAMS 0x0000000710600000, 0x0000000710600000| Complete 
| 225|0x0000000710700000, 0x0000000710800000, 0x0000000710800000|100%| E|CS|TAMS 0x0000000710700000, 0x0000000710700000| Complete 
| 226|0x0000000710800000, 0x0000000710900000, 0x0000000710900000|100%| E|CS|TAMS 0x0000000710800000, 0x0000000710800000| Complete 
| 227|0x0000000710900000, 0x0000000710a00000, 0x0000000710a00000|100%| S|CS|TAMS 0x0000000710900000, 0x0000000710900000| Complete 
| 228|0x0000000710a00000, 0x0000000710b00000, 0x0000000710b00000|100%| S|CS|TAMS 0x0000000710a00000, 0x0000000710a00000| Complete 
| 229|0x0000000710b00000, 0x0000000710c00000, 0x0000000710c00000|100%| S|CS|TAMS 0x0000000710b00000, 0x0000000710b00000| Complete 
| 230|0x0000000710c00000, 0x0000000710d00000, 0x0000000710d00000|100%| E|CS|TAMS 0x0000000710c00000, 0x0000000710c00000| Complete 
| 231|0x0000000710d00000, 0x0000000710e00000, 0x0000000710e00000|100%| E|CS|TAMS 0x0000000710d00000, 0x0000000710d00000| Complete 
| 232|0x0000000710e00000, 0x0000000710f00000, 0x0000000710f00000|100%| E|CS|TAMS 0x0000000710e00000, 0x0000000710e00000| Complete 
| 233|0x0000000710f00000, 0x0000000711000000, 0x0000000711000000|100%| E|CS|TAMS 0x0000000710f00000, 0x0000000710f00000| Complete 
| 234|0x0000000711000000, 0x0000000711100000, 0x0000000711100000|100%| E|CS|TAMS 0x0000000711000000, 0x0000000711000000| Complete 
| 235|0x0000000711100000, 0x0000000711200000, 0x0000000711200000|100%| E|CS|TAMS 0x0000000711100000, 0x0000000711100000| Complete 
| 236|0x0000000711200000, 0x0000000711300000, 0x0000000711300000|100%| E|CS|TAMS 0x0000000711200000, 0x0000000711200000| Complete 
| 237|0x0000000711300000, 0x0000000711400000, 0x0000000711400000|100%| E|CS|TAMS 0x0000000711300000, 0x0000000711300000| Complete 
| 238|0x0000000711400000, 0x0000000711500000, 0x0000000711500000|100%| E|CS|TAMS 0x0000000711400000, 0x0000000711400000| Complete 
| 239|0x0000000711500000, 0x0000000711600000, 0x0000000711600000|100%| E|CS|TAMS 0x0000000711500000, 0x0000000711500000| Complete 
| 240|0x0000000711600000, 0x0000000711700000, 0x0000000711700000|100%| E|CS|TAMS 0x0000000711600000, 0x0000000711600000| Complete 
| 241|0x0000000711700000, 0x0000000711800000, 0x0000000711800000|100%| E|CS|TAMS 0x0000000711700000, 0x0000000711700000| Complete 
| 242|0x0000000711800000, 0x0000000711900000, 0x0000000711900000|100%| E|CS|TAMS 0x0000000711800000, 0x0000000711800000| Complete 
| 243|0x0000000711900000, 0x0000000711a00000, 0x0000000711a00000|100%| E|CS|TAMS 0x0000000711900000, 0x0000000711900000| Complete 
| 244|0x0000000711a00000, 0x0000000711b00000, 0x0000000711b00000|100%| E|CS|TAMS 0x0000000711a00000, 0x0000000711a00000| Complete 
| 245|0x0000000711b00000, 0x0000000711c00000, 0x0000000711c00000|100%| E|CS|TAMS 0x0000000711b00000, 0x0000000711b00000| Complete 
| 246|0x0000000711c00000, 0x0000000711d00000, 0x0000000711d00000|100%| E|CS|TAMS 0x0000000711c00000, 0x0000000711c00000| Complete 
| 247|0x0000000711d00000, 0x0000000711e00000, 0x0000000711e00000|100%| E|CS|TAMS 0x0000000711d00000, 0x0000000711d00000| Complete 
| 248|0x0000000711e00000, 0x0000000711f00000, 0x0000000711f00000|100%| E|CS|TAMS 0x0000000711e00000, 0x0000000711e00000| Complete 
| 249|0x0000000711f00000, 0x0000000712000000, 0x0000000712000000|100%| E|CS|TAMS 0x0000000711f00000, 0x0000000711f00000| Complete 
| 250|0x0000000712000000, 0x0000000712100000, 0x0000000712100000|100%| E|CS|TAMS 0x0000000712000000, 0x0000000712000000| Complete 
| 251|0x0000000712100000, 0x0000000712200000, 0x0000000712200000|100%| E|CS|TAMS 0x0000000712100000, 0x0000000712100000| Complete 
| 252|0x0000000712200000, 0x0000000712300000, 0x0000000712300000|100%| E|CS|TAMS 0x0000000712200000, 0x0000000712200000| Complete 
| 253|0x0000000712300000, 0x0000000712400000, 0x0000000712400000|100%| E|CS|TAMS 0x0000000712300000, 0x0000000712300000| Complete 

Card table byte_map: [0x0000019de4630000,0x0000019de4e20000] _byte_map_base: 0x0000019de0e1d000

Marking Bits (Prev, Next): (CMBitMap*) 0x0000019dca82ee88, (CMBitMap*) 0x0000019dca82eec8
 Prev Bits: [0x0000019de5610000, 0x0000019de9578000)
 Next Bits: [0x0000019de9580000, 0x0000019ded4e8000)

Polling page: 0x0000019dca8a0000

Metaspace:

Usage:
  Non-class:     17.01 MB capacity,    16.40 MB ( 96%) used,   532.95 KB (  3%) free+waste,    94.38 KB ( <1%) overhead. 
      Class:      3.10 MB capacity,     2.79 MB ( 90%) used,   270.03 KB (  9%) free+waste,    47.50 KB (  1%) overhead. 
       Both:     20.10 MB capacity,    19.18 MB ( 95%) used,   802.98 KB (  4%) free+waste,   141.88 KB ( <1%) overhead. 

Virtual space:
  Non-class space:       22.00 MB reserved,      17.25 MB ( 78%) committed 
      Class space:        1.00 GB reserved,       3.13 MB ( <1%) committed 
             Both:        1.02 GB reserved,      20.38 MB (  2%) committed 

Chunk freelists:
   Non-Class:  7.00 KB
       Class:  0 bytes
        Both:  7.00 KB

CodeHeap 'non-profiled nmethods': size=120000Kb used=1045Kb max_used=1045Kb free=118954Kb
 bounds [0x0000019ddbea0000, 0x0000019ddc110000, 0x0000019de33d0000]
CodeHeap 'profiled nmethods': size=120000Kb used=5865Kb max_used=5865Kb free=114134Kb
 bounds [0x0000019dd4970000, 0x0000019dd4f30000, 0x0000019ddbea0000]
CodeHeap 'non-nmethods': size=5760Kb used=1242Kb max_used=1262Kb free=4517Kb
 bounds [0x0000019dd43d0000, 0x0000019dd4640000, 0x0000019dd4970000]
 total_blobs=3595 nmethods=2607 adapters=387
 compilation: enabled
              stopped_count=0, restarted_count=0
 full_count=0

Compilation events (10 events):
Event: 3.241 Thread 0x0000019df007d800 nmethod 2607 0x0000019ddbfa4b90 code [0x0000019ddbfa4d40, 0x0000019ddbfa4e78]
Event: 3.241 Thread 0x0000019df007d800 2608       3       jdk.internal.org.objectweb.asm.Type::getTypeInternal (199 bytes)
Event: 3.242 Thread 0x0000019df007d800 nmethod 2608 0x0000019dd4f27c90 code [0x0000019dd4f27f40, 0x0000019dd4f28db0]
Event: 3.242 Thread 0x0000019df007d800 2609       3       jdk.internal.org.objectweb.asm.MethodWriter::visitAbstractType (8 bytes)
Event: 3.242 Thread 0x0000019df007d800 nmethod 2609 0x0000019dd4f29210 code [0x0000019dd4f293c0, 0x0000019dd4f29578]
Event: 3.243 Thread 0x0000019df007d800 2612       3       jdk.internal.org.objectweb.asm.SymbolTable::addTypeInternal (85 bytes)
Event: 3.244 Thread 0x0000019df007d800 nmethod 2612 0x0000019dd4f29690 code [0x0000019dd4f298a0, 0x0000019dd4f29fc0]
Event: 3.244 Thread 0x0000019df007d800 2613       3       jdk.internal.org.objectweb.asm.FieldWriter::visitEnd (1 bytes)
Event: 3.244 Thread 0x0000019df007d800 nmethod 2613 0x0000019dd4f2a190 code [0x0000019dd4f2a340, 0x0000019dd4f2a4b8]
Event: 3.245 Thread 0x0000019df007d800 2614       3       jdk.internal.org.objectweb.asm.Frame::pop (53 bytes)

GC Heap History (2 events):
Event: 1.169 GC heap before
{Heap before GC invocations=0 (full 0):
 garbage-first heap   total 260096K, used 24576K [0x0000000702600000, 0x0000000800000000)
  region size 1024K, 24 young (24576K), 0 survivors (0K)
 Metaspace       used 3849K, capacity 6539K, committed 6784K, reserved 1056768K
  class space    used 461K, capacity 777K, committed 896K, reserved 1048576K
}
Event: 1.174 GC heap after
{Heap after GC invocations=1 (full 0):
 garbage-first heap   total 260096K, used 6970K [0x0000000702600000, 0x0000000800000000)
  region size 1024K, 3 young (3072K), 3 survivors (3072K)
 Metaspace       used 3849K, capacity 6539K, committed 6784K, reserved 1056768K
  class space    used 461K, capacity 777K, committed 896K, reserved 1048576K
}

Deoptimization events (10 events):
Event: 2.487 Thread 0x0000019dca7c8000 Uncommon trap: reason=class_check action=maybe_recompile pc=0x0000019ddbf3d0ac method=java.util.HashMap.putVal(ILjava/lang/Object;Ljava/lang/Object;ZZ)Ljava/lang/Object; @ 203 c2
Event: 2.961 Thread 0x0000019dca7c8000 Uncommon trap: reason=unstable_if action=reinterpret pc=0x0000019ddbf58968 method=java.lang.ref.SoftReference.get()Ljava/lang/Object; @ 6 c2
Event: 3.026 Thread 0x0000019dca7c8000 Uncommon trap: reason=unstable_if action=reinterpret pc=0x0000019ddbf6b288 method=java.net.URLStreamHandler.parseURL(Ljava/net/URL;Ljava/lang/String;II)V @ 725 c2
Event: 3.028 Thread 0x0000019dca7c8000 Uncommon trap: reason=unstable_if action=reinterpret pc=0x0000019ddbf58f10 method=java.lang.String.indexOf([BBILjava/lang/String;I)I @ 21 c2
Event: 3.113 Thread 0x0000019dca7c8000 Uncommon trap: reason=unstable_if action=reinterpret pc=0x0000019ddbf276a8 method=java.util.concurrent.ConcurrentHashMap.putVal(Ljava/lang/Object;Ljava/lang/Object;Z)Ljava/lang/Object; @ 148 c2
Event: 3.187 Thread 0x0000019dca7c8000 Uncommon trap: reason=unstable_if action=reinterpret pc=0x0000019ddbf5015c method=java.net.URL.<init>(Ljava/net/URL;Ljava/lang/String;Ljava/net/URLStreamHandler;)V @ 347 c2
Event: 3.202 Thread 0x0000019df1e84800 Uncommon trap: reason=unstable_if action=reinterpret pc=0x0000019ddbf92800 method=java.util.zip.Inflater.needsInput()Z @ 13 c2
Event: 3.211 Thread 0x0000019dca7c8000 Uncommon trap: reason=unstable_if action=reinterpret pc=0x0000019ddbf24ec4 method=java.util.concurrent.ConcurrentHashMap.addCount(JI)V @ 34 c2
Event: 3.229 Thread 0x0000019dca7c8000 Uncommon trap: reason=unstable_if action=reinterpret pc=0x0000019ddbf60104 method=java.util.concurrent.ConcurrentHashMap.transfer([Ljava/util/concurrent/ConcurrentHashMap$Node;[Ljava/util/concurrent/ConcurrentHashMap$Node;)V @ 34 c2
Event: 3.231 Thread 0x0000019dca7c8000 Uncommon trap: reason=unstable_if action=reinterpret pc=0x0000019ddbf56df8 method=java.util.concurrent.ConcurrentHashMap.transfer([Ljava/util/concurrent/ConcurrentHashMap$Node;[Ljava/util/concurrent/ConcurrentHashMap$Node;)V @ 273 c2

Classes redefined (0 events):
No events

Internal exceptions (10 events):
Event: 3.008 Thread 0x0000019dca7c8000 Exception <a 'java/lang/NoSuchMethodError'{0x000000070ae297b8}: java.lang.invoke.DirectMethodHandle$Holder.invokeStatic(Ljava/lang/Object;Ljava/lang/Object;Ljava/lang/Object;Ljava/lang/Object;Ljava/lang/Object;Ljava/lang/Object;I)Ljava/lang/Object;> (0x00
Event: 3.008 Thread 0x0000019dca7c8000 Exception <a 'java/lang/NoSuchMethodError'{0x000000070ae2d780}: java.lang.invoke.DirectMethodHandle$Holder.invokeSpecial(Ljava/lang/Object;Ljava/lang/Object;Ljava/lang/Object;Ljava/lang/Object;Ljava/lang/Object;Ljava/lang/Object;Ljava/lang/Object;I)Ljava/
Event: 3.026 Thread 0x0000019dca7c8000 Implicit null exception at 0x0000019ddbf68896 to 0x0000019ddbf6b25a
Event: 3.052 Thread 0x0000019dca7c8000 Exception <a 'java/lang/NoSuchMethodError'{0x000000070acc7ad8}: java.lang.invoke.DirectMethodHandle$Holder.invokeStatic(Ljava/lang/Object;Ljava/lang/Object;Ljava/lang/Object;ILjava/lang/Object;)Ljava/lang/Object;> (0x000000070acc7ad8) thrown at [t:/worksp
Event: 3.053 Thread 0x0000019dca7c8000 Exception <a 'java/lang/NoSuchMethodError'{0x000000070acce0f0}: java.lang.invoke.Invokers$Holder.linkToTargetMethod(Ljava/lang/Object;Ljava/lang/Object;ILjava/lang/Object;Ljava/lang/Object;)Ljava/lang/Object;> (0x000000070acce0f0) thrown at [t:/workspace/
Event: 3.054 Thread 0x0000019dca7c8000 Exception <a 'java/lang/NoSuchMethodError'{0x000000070acdd550}: java.lang.invoke.DirectMethodHandle$Holder.invokeStatic(Ljava/lang/Object;ILjava/lang/Object;)Ljava/lang/Object;> (0x000000070acdd550) thrown at [t:/workspace/open/src/hotspot/share/interpret
Event: 3.134 Thread 0x0000019dca7c8000 Exception <a 'java/lang/NoSuchMethodError'{0x000000070a9c6ad0}: java.lang.invoke.DirectMethodHandle$Holder.invokeVirtual(Ljava/lang/Object;Ljava/lang/Object;Ljava/lang/Object;Ljava/lang/Object;)V> (0x000000070a9c6ad0) thrown at [t:/workspace/open/src/hots
Event: 3.179 Thread 0x0000019df1e84800 Exception <a 'java/lang/NoClassDefFoundError'{0x000000070a61f808}: javax/validation/Validation> (0x000000070a61f808) thrown at [t:/workspace/open/src/hotspot/share/classfile/systemDictionary.cpp, line 224]
Event: 3.202 Thread 0x0000019df1e84800 Implicit null exception at 0x0000019ddbf8f2b0 to 0x0000019ddbf927b2
Event: 3.227 Thread 0x0000019df1e84800 Exception <a 'java/lang/NoSuchMethodError'{0x000000070a184410}: java.lang.invoke.DirectMethodHandle$Holder.invokeStaticInit(Ljava/lang/Object;Ljava/lang/Object;Ljava/lang/Object;Ljava/lang/Object;Ljava/lang/Object;)Ljava/lang/Object;> (0x000000070a184410)

Events (10 events):
Event: 3.243 loading class org/springframework/context/annotation/Scope
Event: 3.243 loading class org/springframework/context/annotation/Scope done
Event: 3.244 loading class org/springframework/context/annotation/AnnotationConfigUtils
Event: 3.244 loading class org/springframework/context/annotation/AnnotationConfigUtils done
Event: 3.244 loading class java/lang/invoke/BoundMethodHandle$Species_LLLLLLLLLLJL
Event: 3.244 loading class java/lang/invoke/BoundMethodHandle$Species_LLLLLLLLLLJL done
Event: 3.245 Executing VM operation: RevokeBias
Event: 3.246 Executing VM operation: RevokeBias done
Event: 3.246 loading class javax/annotation/Resource
Event: 3.246 loading class javax/annotation/Resource done


Dynamic libraries:
0x00007ff63df60000 - 0x00007ff63df6f000 	C:\Program Files\Java\jdk-12.0.2\bin\java.exe
0x00007ff9ca470000 - 0x00007ff9ca665000 	C:\WINDOWS\SYSTEM32\ntdll.dll
0x00007ff9c8b00000 - 0x00007ff9c8bbe000 	C:\WINDOWS\System32\KERNEL32.DLL
0x00007ff9c7b90000 - 0x00007ff9c7e58000 	C:\WINDOWS\System32\KERNELBASE.dll
0x00007ff9c80f0000 - 0x00007ff9c81f0000 	C:\WINDOWS\System32\ucrtbase.dll
0x00007ff9c4130000 - 0x00007ff9c4148000 	C:\Program Files\Java\jdk-12.0.2\bin\jli.dll
0x00007ff9c3e80000 - 0x00007ff9c3e96000 	C:\Program Files\Java\jdk-12.0.2\bin\VCRUNTIME140.dll
0x00007ff9c8da0000 - 0x00007ff9c8e4e000 	C:\WINDOWS\System32\ADVAPI32.dll
0x00007ff9c9b70000 - 0x00007ff9c9c0e000 	C:\WINDOWS\System32\msvcrt.dll
0x00007ff9c9270000 - 0x00007ff9c930c000 	C:\WINDOWS\System32\sechost.dll
0x00007ff9c88c0000 - 0x00007ff9c89e5000 	C:\WINDOWS\System32\RPCRT4.dll
0x00007ff9ca1b0000 - 0x00007ff9ca350000 	C:\WINDOWS\System32\USER32.dll
0x00007ff9c82d0000 - 0x00007ff9c82f2000 	C:\WINDOWS\System32\win32u.dll
0x00007ff9c8c90000 - 0x00007ff9c8cbb000 	C:\WINDOWS\System32\GDI32.dll
0x00007ff9b32b0000 - 0x00007ff9b354a000 	C:\WINDOWS\WinSxS\amd64_microsoft.windows.common-controls_6595b64144ccf1df_6.0.19041.1110_none_60b5254171f9507e\COMCTL32.dll
0x00007ff9c7e60000 - 0x00007ff9c7f6b000 	C:\WINDOWS\System32\gdi32full.dll
0x00007ff9c8050000 - 0x00007ff9c80ed000 	C:\WINDOWS\System32\msvcp_win.dll
0x00007ff9c1bc0000 - 0x00007ff9c1bca000 	C:\WINDOWS\SYSTEM32\VERSION.dll
0x00007ff9c8e50000 - 0x00007ff9c8e80000 	C:\WINDOWS\System32\IMM32.DLL
0x00007ff999710000 - 0x00007ff9997ba000 	C:\Program Files\Java\jdk-12.0.2\bin\msvcp140.dll
0x00007ff982b60000 - 0x00007ff9836d7000 	C:\Program Files\Java\jdk-12.0.2\bin\server\jvm.dll
0x00007ff9ca350000 - 0x00007ff9ca358000 	C:\WINDOWS\System32\PSAPI.DLL
0x00007ff9ab880000 - 0x00007ff9ab889000 	C:\WINDOWS\SYSTEM32\WSOCK32.dll
0x00007ff9c8bc0000 - 0x00007ff9c8c2b000 	C:\WINDOWS\System32\WS2_32.dll
0x00007ff9b35a0000 - 0x00007ff9b35c7000 	C:\WINDOWS\SYSTEM32\WINMM.dll
0x00007ff9c63f0000 - 0x00007ff9c6402000 	C:\WINDOWS\SYSTEM32\kernel.appcore.dll
0x00007ff9c3e60000 - 0x00007ff9c3e71000 	C:\Program Files\Java\jdk-12.0.2\bin\verify.dll
0x00007ff9c5780000 - 0x00007ff9c5964000 	C:\WINDOWS\SYSTEM32\DBGHELP.DLL
0x00007ff9a29b0000 - 0x00007ff9a29dc000 	C:\WINDOWS\SYSTEM32\dbgcore.DLL
0x00007ff9c81f0000 - 0x00007ff9c8272000 	C:\WINDOWS\System32\bcryptPrimitives.dll
0x00007ff9c3e30000 - 0x00007ff9c3e56000 	C:\Program Files\Java\jdk-12.0.2\bin\java.dll
0x00007ff9a51b0000 - 0x00007ff9a51e8000 	C:\Program Files\Java\jdk-12.0.2\bin\jdwp.dll
0x00007ff9c2200000 - 0x00007ff9c220e000 	C:\Program Files\Java\jdk-12.0.2\bin\instrument.dll
0x00007ff9c3e10000 - 0x00007ff9c3e27000 	C:\Program Files\Java\jdk-12.0.2\bin\zip.dll
0x00007ff9c4260000 - 0x00007ff9c426a000 	C:\Program Files\Java\jdk-12.0.2\bin\jimage.dll
0x00007ff9c9420000 - 0x00007ff9c9b64000 	C:\WINDOWS\System32\SHELL32.dll
0x00007ff9c5990000 - 0x00007ff9c6124000 	C:\WINDOWS\SYSTEM32\windows.storage.dll
0x00007ff9c8e80000 - 0x00007ff9c91d4000 	C:\WINDOWS\System32\combase.dll
0x00007ff9c75d0000 - 0x00007ff9c75fc000 	C:\WINDOWS\SYSTEM32\Wldp.dll
0x00007ff9c9310000 - 0x00007ff9c93bd000 	C:\WINDOWS\System32\SHCORE.dll
0x00007ff9c8580000 - 0x00007ff9c85d5000 	C:\WINDOWS\System32\shlwapi.dll
0x00007ff9c7ad0000 - 0x00007ff9c7aef000 	C:\WINDOWS\SYSTEM32\profapi.dll
0x00007ff9bfe00000 - 0x00007ff9bfe0a000 	C:\Program Files\Java\jdk-12.0.2\bin\dt_socket.dll
0x00007ff9c72f0000 - 0x00007ff9c735a000 	C:\WINDOWS\system32\mswsock.dll
0x00007ff9bfd70000 - 0x00007ff9bfd89000 	C:\Program Files\Java\jdk-12.0.2\bin\net.dll
0x00007ff9bda00000 - 0x00007ff9bdbec000 	C:\WINDOWS\SYSTEM32\urlmon.dll
0x00007ff9c1570000 - 0x00007ff9c1679000 	C:\WINDOWS\SYSTEM32\WINHTTP.dll
0x00007ff9be010000 - 0x00007ff9be2c1000 	C:\WINDOWS\SYSTEM32\iertutil.dll
0x00007ff9c1230000 - 0x00007ff9c1258000 	C:\WINDOWS\SYSTEM32\srvcli.dll
0x00007ff9c7110000 - 0x00007ff9c711c000 	C:\WINDOWS\SYSTEM32\netutils.dll
0x00007ff9b4020000 - 0x00007ff9b4033000 	C:\Program Files\Java\jdk-12.0.2\bin\nio.dll
0x00007ff9bfde0000 - 0x00007ff9bfde9000 	C:\Program Files\Java\jdk-12.0.2\bin\management.dll
0x00007ff9bfd60000 - 0x00007ff9bfd6c000 	C:\Program Files\Java\jdk-12.0.2\bin\management_ext.dll
0x00007ff99ce30000 - 0x00007ff99ce47000 	C:\WINDOWS\system32\napinsp.dll
0x00007ff99ce10000 - 0x00007ff99ce2b000 	C:\WINDOWS\system32\pnrpnsp.dll
0x00007ff99cdf0000 - 0x00007ff99ce05000 	C:\WINDOWS\system32\wshbth.dll
0x00007ff9c3fd0000 - 0x00007ff9c3fed000 	C:\WINDOWS\system32\NLAapi.dll
0x00007ff9c6fb0000 - 0x00007ff9c6feb000 	C:\WINDOWS\SYSTEM32\IPHLPAPI.DLL
0x00007ff9c6ff0000 - 0x00007ff9c70ba000 	C:\WINDOWS\SYSTEM32\DNSAPI.dll
0x00007ff9c89f0000 - 0x00007ff9c89f8000 	C:\WINDOWS\System32\NSI.dll
0x00007ff99cd40000 - 0x00007ff99cd52000 	C:\WINDOWS\System32\winrnr.dll
0x00007ff9c1530000 - 0x00007ff9c153a000 	C:\Windows\System32\rasadhlp.dll
0x00007ff9c0820000 - 0x00007ff9c089f000 	C:\WINDOWS\System32\fwpuclnt.dll
0x00007ff9c8020000 - 0x00007ff9c8047000 	C:\WINDOWS\System32\bcrypt.dll

dbghelp: loaded successfully - version: 4.0.5 - missing functions: none
symbol engine: initialized successfully - sym options: 0x614 - pdb path: .;C:\Program Files\Java\jdk-12.0.2\bin;C:\WINDOWS\SYSTEM32;C:\WINDOWS\WinSxS\amd64_microsoft.windows.common-controls_6595b64144ccf1df_6.0.19041.1110_none_60b5254171f9507e;C:\Program Files\Java\jdk-12.0.2\bin\server

VM Arguments:
jvm_args: -agentlib:jdwp=transport=dt_socket,address=127.0.0.1:49214,suspend=y,server=n -ea -Didea.test.cyclic.buffer.size=1048576 -javaagent:C:\Users\Sergey\AppData\Local\JetBrains\IntelliJIdea2020.2\captureAgent\debugger-agent.jar -Dfile.encoding=UTF-8 
java_command: com.intellij.rt.junit.JUnitStarter -ideVersion5 -junit5 me.biathlonvsu.biathlon.Service.UserServiceTest,subscribeToBiathlete
java_class_path (initial): C:\Program Files\JetBrains\IntelliJ IDEA 2020.2.1\lib\idea_rt.jar;C:\Users\Sergey\.m2\repository\org\junit\platform\junit-platform-launcher\1.8.2\junit-platform-launcher-1.8.2.jar;C:\Users\Sergey\.m2\repository\org\junit\vintage\junit-vintage-engine\5.8.2\junit-vintage-engine-5.8.2.jar;C:\Users\Sergey\.m2\repository\org\hamcrest\hamcrest-core\1.3\hamcrest-core-1.3.jar;C:\Program Files\JetBrains\IntelliJ IDEA 2020.2.1\plugins\junit\lib\junit5-rt.jar;C:\Program Files\JetBrains\IntelliJ IDEA 2020.2.1\plugins\junit\lib\junit-rt.jar;D:\my work\TP\biathlon\target\test-classes;D:\my work\TP\biathlon\target\classes;C:\Users\Sergey\.m2\repository\org\springframework\boot\spring-boot-starter\2.6.4\spring-boot-starter-2.6.4.jar;C:\Users\Sergey\.m2\repository\org\springframework\boot\spring-boot\2.6.4\spring-boot-2.6.4.jar;C:\Users\Sergey\.m2\repository\org\springframework\boot\spring-boot-autoconfigure\2.6.4\spring-boot-autoconfigure-2.6.4.jar;C:\Users\Sergey\.m2\repository\org\springframework\boot\spring-boot-starter-logging\2.6.4\spring-boot-starter-logging-2.6.4.jar;C:\Users\Sergey\.m2\repository\ch\qos\logback\logback-classic\1.2.10\logback-classic-1.2.10.jar;C:\Users\Sergey\.m2\repository\ch\qos\logback\logback-core\1.2.10\logback-core-1.2.10.jar;C:\Users\Sergey\.m2\repository\org\apache\logging\log4j\log4j-to-slf4j\2.17.1\log4j-to-slf4j-2.17.1.jar;C:\Users\Sergey\.m2\repository\org\apache\logging\log4j\log4j-api\2.17.1\log4j-api-2.17.1.jar;C:\Users\Sergey\.m2\repository\org\slf4j\jul-to-slf4j\1.7.36\jul-to-slf4j-1.7.36.jar;C:\Users\Sergey\.m2\repository\jakarta\annotation\jakarta.annotation-api\1.3.5\jakarta.annotation-api-1.3.5.jar;C:\Users\Sergey\.m2\repository\org\springframework\spring-core\5.3.16\spring-core-5.3.16.jar;C:\Users\Sergey\.m2\repository\org\springframework\spring-jcl\5.3.16\spring-jcl-5.3.16.jar;C:\Users\Sergey\.m2\repository\org\yaml\snakeyaml\1.29\snakeyaml-1.29.jar;C:\Users\Sergey\.m2\repository\com\h2database\h2\1.4.200\
Launcher Type: SUN_STANDARD

[Global flags]
     intx CICompilerCount                          = 4                                         {product} {ergonomic}
     uint ConcGCThreads                            = 2                                         {product} {ergonomic}
     uint G1ConcRefinementThreads                  = 8                                         {product} {ergonomic}
   size_t G1HeapRegionSize                         = 1048576                                   {product} {ergonomic}
    uintx GCDrainStackTargetSize                   = 64                                        {product} {ergonomic}
   size_t InitialHeapSize                          = 266338304                                 {product} {ergonomic}
   size_t MarkStackSize                            = 4194304                                   {product} {ergonomic}
   size_t MaxHeapSize                              = 4255121408                                {product} {ergonomic}
   size_t MaxNewSize                               = 2552233984                                {product} {ergonomic}
   size_t MinHeapDeltaBytes                        = 1048576                                   {product} {ergonomic}
    uintx NonNMethodCodeHeapSize                   = 5836300                                {pd product} {ergonomic}
    uintx NonProfiledCodeHeapSize                  = 122910970                              {pd product} {ergonomic}
    uintx ProfiledCodeHeapSize                     = 122910970                              {pd product} {ergonomic}
    uintx ReservedCodeCacheSize                    = 251658240                              {pd product} {ergonomic}
     bool SegmentedCodeCache                       = true                                      {product} {ergonomic}
     bool UseCompressedClassPointers               = true                                 {lp64_product} {ergonomic}
     bool UseCompressedOops                        = true                                 {lp64_product} {ergonomic}
     bool UseG1GC                                  = true                                      {product} {ergonomic}
     bool UseLargePagesIndividualAllocation        = false                                  {pd product} {ergonomic}

Logging:
Log output configuration:
 #0: stdout all=warning uptime,level,tags
 #1: stderr all=off uptime,level,tags

Environment Variables:
CLASSPATH=.,C:\Program Files\Java\jdk-12.0.2\bin
PATH=C:\Program Files (x86)\Intel\Intel(R) Management Engine Components\iCLS\;C:\Program Files\Intel\Intel(R) Management Engine Components\iCLS\;C:\Windows\system32;C:\Windows;C:\Windows\System32\Wbem;C:\Windows\System32\WindowsPowerShell\v1.0\;C:\Windows\System32\OpenSSH\;C:\Program Files (x86)\Intel\Intel(R) Management Engine Components\DAL;C:\Program Files\Intel\Intel(R) Management Engine Components\DAL;C:\Program Files (x86)\NVIDIA Corporation\PhysX\Common;C:\Program Files\NVIDIA Corporation\NVIDIA NvDLISR;C:\WINDOWS\system32;C:\WINDOWS;C:\WINDOWS\System32\Wbem;C:\WINDOWS\System32\WindowsPowerShell\v1.0\;C:\WINDOWS\System32\OpenSSH\;C:\Program Files\Java\jdk-12.0.2\bin;C:\Program Files (x86)\dotnet\;C:\Program Files\Microsoft SQL Server\120\Tools\Binn\;C:\Program Files\Microsoft SQL Server\Client SDK\ODBC\110\Tools\Binn\;C:\Program Files (x86)\Microsoft SQL Server\120\Tools\Binn\;C:\Program Files\Microsoft SQL Server\120\DTS\Binn\;C:\Program Files\nodejs\;C:\Program Files\dotnet\;C:\Program Files\Git\cmd;C:\Program Files\MATLAB\R2022a\bin;C:\Users\Sergey\AppData\Local\Microsoft\WindowsApps;C:\Users\Sergey\AppData\Roaming\npm
USERNAME=Sergey
OS=Windows_NT
PROCESSOR_IDENTIFIER=Intel64 Family 6 Model 142 Stepping 11, GenuineIntel



---------------  S Y S T E M  ---------------

OS: Windows 10 , 64 bit Build 19041 (10.0.19041.1566)

CPU:total 8 (initial active 8) (4 cores per cpu, 2 threads per core) family 6 model 142 stepping 11, cmov, cx8, fxsr, mmx, sse, sse2, sse3, ssse3, sse4.1, sse4.2, popcnt, avx, avx2, aes, clmul, erms, 3dnowpref, lzcnt, ht, tsc, tscinvbit, bmi1, bmi2, adx, fma

Memory: 4k page, system-wide physical 16230M (2157M free)
TotalPageFile size 19154M (AvailPageFile size 4M)
current process WorkingSet (physical memory assigned to process): 250M, peak: 250M
current process commit charge ("private bytes"): 423M, peak: 423M

vm_info: Java HotSpot(TM) 64-Bit Server VM (12.0.2+10) for windows-amd64 JRE (12.0.2+10), built on Jul 16 2019 01:56:17 by "mach5one" with MS VC++ 15.5 (VS2017)

END.
