#
# There is insufficient memory for the Java Runtime Environment to continue.
# Native memory allocation (mmap) failed to map 76546048 bytes for Failed to commit area from 0x0000000705f00000 to 0x000000070a800000 of length 76546048.
# Possible reasons:
#   The system is out of physical RAM or swap space
#   The process is running with CompressedOops enabled, and the Java Heap may be blocking the growth of the native heap
# Possible solutions:
#   Reduce memory load on the system
#   Increase physical memory or swap space
#   Check if swap backing store is full
#   Decrease Java heap size (-Xmx/-Xms)
#   Decrease number of Java threads
#   Decrease Java thread stack sizes (-Xss)
#   Set larger code cache with -XX:ReservedCodeCacheSize=
#   JVM is running with Zero Based Compressed Oops mode in which the Java heap is
#     placed in the first 32GB address space. The Java Heap base address is the
#     maximum limit for the native heap growth. Please use -XX:HeapBaseMinAddress
#     to set the Java Heap base and to place the Java Heap above 32GB virtual address.
# This output file may be truncated or incomplete.
#
#  Out of Memory Error (t:/workspace/open/src/hotspot/os/windows/os_windows.cpp:3264), pid=6896, tid=16704
#
# JRE version: Java(TM) SE Runtime Environment (12.0.2+10) (build 12.0.2+10)
# Java VM: Java HotSpot(TM) 64-Bit Server VM (12.0.2+10, mixed mode, sharing, tiered, compressed oops, g1 gc, windows-amd64)
# No core dump will be written. Minidumps are not enabled by default on client versions of Windows
#

---------------  S U M M A R Y ------------

Command Line: -agentlib:jdwp=transport=dt_socket,address=127.0.0.1:54308,suspend=y,server=n -ea -Didea.test.cyclic.buffer.size=1048576 -javaagent:C:\Users\Sergey\AppData\Local\JetBrains\IntelliJIdea2020.2\captureAgent\debugger-agent.jar -Dfile.encoding=UTF-8 com.intellij.rt.junit.JUnitStarter -ideVersion5 -junit5 me.biathlonvsu.biathlon.Entity.UserTest,getBiathletes

Host: Intel(R) Core(TM) i5-8265U CPU @ 1.60GHz, 8 cores, 15G,  Windows 10 , 64 bit Build 19041 (10.0.19041.1566)
Time: Sat Mar 26 17:14:22 2022 RTZ 2 (зима) elapsed time: 6 seconds (0d 0h 0m 6s)

---------------  T H R E A D  ---------------

Current thread (0x000002c164940800):  VMThread "VM Thread" [stack: 0x000000d35c800000,0x000000d35c900000] [id=16704]

Stack: [0x000000d35c800000,0x000000d35c900000]
[error occurred during error reporting (printing stack bounds), id 0xc0000005, EXCEPTION_ACCESS_VIOLATION (0xc0000005) at pc=0x000002c149400bad]

Native frames: (J=compiled Java code, j=interpreted, Vv=VM code, C=native code)
V  [jvm.dll+0x63aa2a]
V  [jvm.dll+0x78ce1e]
V  [jvm.dll+0x78e4c1]
V  [jvm.dll+0x78ea75]
V  [jvm.dll+0x78ea2b]
V  [jvm.dll+0x63a134]
V  [jvm.dll+0x63a4f8]
C  [ntdll.dll+0xa20cf]
C  [ntdll.dll+0x51454]
C  [ntdll.dll+0xa0bfe]
C  0x000002c149400bad

VM_Operation (0x000000d35c2fb200): G1CollectForAllocation, mode: safepoint, requested by thread 0x000002c140ff8800


---------------  P R O C E S S  ---------------

Threads class SMR info:
_java_thread_list=0x000002c167ca2e80, length=15, elements={
0x000002c140ff8800, 0x000002c164942800, 0x000002c164946000, 0x000002c164966000,
0x000002c164968000, 0x000002c16496a000, 0x000002c1651f4000, 0x000002c1651f8000,
0x000002c165303800, 0x000002c165418000, 0x000002c165419000, 0x000002c1653f4800,
0x000002c165710000, 0x000002c169626000, 0x000002c169f72800
}

Java Threads: ( => current thread )
  0x000002c140ff8800 JavaThread "main" [_thread_blocked, id=2144, stack(0x000000d35c200000,0x000000d35c300000)]
  0x000002c164942800 JavaThread "Reference Handler" daemon [_thread_blocked, id=2052, stack(0x000000d35c900000,0x000000d35ca00000)]
  0x000002c164946000 JavaThread "Finalizer" daemon [_thread_blocked, id=19984, stack(0x000000d35ca00000,0x000000d35cb00000)]
  0x000002c164966000 JavaThread "Signal Dispatcher" daemon [_thread_blocked, id=22932, stack(0x000000d35cb00000,0x000000d35cc00000)]
  0x000002c164968000 JavaThread "Attach Listener" daemon [_thread_blocked, id=20608, stack(0x000000d35cc00000,0x000000d35cd00000)]
  0x000002c16496a000 JavaThread "C2 CompilerThread0" daemon [_thread_in_native, id=17884, stack(0x000000d35cd00000,0x000000d35ce00000)]
  0x000002c1651f4000 JavaThread "C1 CompilerThread0" daemon [_thread_blocked, id=22640, stack(0x000000d35ce00000,0x000000d35cf00000)]
  0x000002c1651f8000 JavaThread "Sweeper thread" daemon [_thread_blocked, id=5016, stack(0x000000d35cf00000,0x000000d35d000000)]
  0x000002c165303800 JavaThread "Common-Cleaner" daemon [_thread_blocked, id=21108, stack(0x000000d35d000000,0x000000d35d100000)]
  0x000002c165418000 JavaThread "JDWP Transport Listener: dt_socket" daemon [_thread_blocked, id=8108, stack(0x000000d35d200000,0x000000d35d300000)]
  0x000002c165419000 JavaThread "JDWP Event Helper Thread" daemon [_thread_blocked, id=2120, stack(0x000000d35d300000,0x000000d35d400000)]
  0x000002c1653f4800 JavaThread "JDWP Command Reader" daemon [_thread_in_native, id=20720, stack(0x000000d35d400000,0x000000d35d500000)]
  0x000002c165710000 JavaThread "Service Thread" daemon [_thread_blocked, id=3396, stack(0x000000d35d500000,0x000000d35d600000)]
  0x000002c169626000 JavaThread "C2 CompilerThread1" daemon [_thread_in_native, id=18484, stack(0x000000d35d100000,0x000000d35d200000)]
  0x000002c169f72800 JavaThread "C2 CompilerThread2" daemon [_thread_blocked, id=22280, stack(0x000000d35dd00000,0x000000d35de00000)]

Other Threads:
=>0x000002c164940800 VMThread "VM Thread" [stack: 0x000000d35c800000,0x000000d35c900000] [id=16704]
  0x000002c165865800 WatcherThread [stack: 0x000000d35d600000,0x000000d35d700000] [id=22272]
  0x000002c14105e000 GCTaskThread "GC Thread#0" [stack: 0x000000d35c300000,0x000000d35c400000] [id=21192]
  0x000002c1660d8000 GCTaskThread "GC Thread#1" [stack: 0x000000d35d700000,0x000000d35d800000] [id=16836]
  0x000002c166148000 GCTaskThread "GC Thread#2" [stack: 0x000000d35d800000,0x000000d35d900000] [id=22692]
  0x000002c165c6c800 GCTaskThread "GC Thread#3" [stack: 0x000000d35d900000,0x000000d35da00000] [id=3372]
  0x000002c16619c800 GCTaskThread "GC Thread#4" [stack: 0x000000d35da00000,0x000000d35db00000] [id=21332]
  0x000002c16619d000 GCTaskThread "GC Thread#5" [stack: 0x000000d35db00000,0x000000d35dc00000] [id=7992]
  0x000002c141079800 ConcurrentGCThread "G1 Main Marker" [stack: 0x000000d35c400000,0x000000d35c500000] [id=21240]
  0x000002c14107c800 ConcurrentGCThread "G1 Conc#0" [stack: 0x000000d35c500000,0x000000d35c600000] [id=6644]
  0x000002c1660d1800 ConcurrentGCThread "G1 Conc#1" [stack: 0x000000d35dc00000,0x000000d35dd00000] [id=18284]
  0x000002c164836800 ConcurrentGCThread "G1 Refine#0" [stack: 0x000000d35c600000,0x000000d35c700000] [id=3344]
  0x000002c164837800 ConcurrentGCThread "G1 Young RemSet Sampling" [stack: 0x000000d35c700000,0x000000d35c800000] [id=18904]

Threads with active compile tasks:
C2 CompilerThread0  3927       4       org.springframework.core.ResolvableType::forType (115 bytes)
C1 CompilerThread0  4156   !   3       org.springframework.beans.factory.support.AbstractBeanFactory::getMergedBeanDefinition (371 bytes)
C2 CompilerThread1  4031       4       org.springframework.core.ResolvableType::as (86 bytes)
C2 CompilerThread2  4067   !   4       org.springframework.core.annotation.AnnotationsScanner::processMethodHierarchy (276 bytes)

VM state:at safepoint (normal execution)

VM Mutex/Monitor currently owned by a thread:  ([mutex/lock_event])
[0x000002c140ff3cc0] Threads_lock - owner thread: 0x000002c164940800
[0x000002c140ff2f40] Heap_lock - owner thread: 0x000002c140ff8800

Heap address: 0x0000000702600000, size: 4058 MB, Compressed Oops mode: Zero based, Oop shift amount: 3
Narrow klass base: 0x0000000800000000, Narrow klass shift: 3
Compressed class space size: 1073741824 Address: 0x0000000801190000

Heap:
 garbage-first heap   total 136192K, used 20099K [0x0000000702600000, 0x0000000800000000)
  region size 1024K, 4 young (4096K), 4 survivors (4096K)
 Metaspace       used 47459K, capacity 48985K, committed 49200K, reserved 1091584K
  class space    used 6385K, capacity 6965K, committed 7040K, reserved 1048576K
Heap Regions: E=young(eden), S=young(survivor), O=old, HS=humongous(starts), HC=humongous(continues), CS=collection set, F=free, A=archive, TAMS=top-at-mark-start (previous, next)
|   0|0x0000000702600000, 0x0000000702700000, 0x0000000702700000|100%|HS|  |TAMS 0x0000000702700000, 0x0000000702600000| Complete 
|   1|0x0000000702700000, 0x0000000702800000, 0x0000000702800000|100%| O|  |TAMS 0x0000000702800000, 0x0000000702700000| Untracked 
|   2|0x0000000702800000, 0x0000000702900000, 0x0000000702900000|100%| O|  |TAMS 0x0000000702900000, 0x0000000702800000| Untracked 
|   3|0x0000000702900000, 0x0000000702985000, 0x0000000702a00000| 51%| O|  |TAMS 0x0000000702985000, 0x0000000702900000| Untracked 
|   4|0x0000000702a00000, 0x0000000702b00000, 0x0000000702b00000|100%| O|  |TAMS 0x0000000702b00000, 0x0000000702a00000| Untracked 
|   5|0x0000000702b00000, 0x0000000702c00000, 0x0000000702c00000|100%| O|  |TAMS 0x0000000702c00000, 0x0000000702b00000| Untracked 
|   6|0x0000000702c00000, 0x0000000702d00000, 0x0000000702d00000|100%| O|  |TAMS 0x0000000702d00000, 0x0000000702c00000| Untracked 
|   7|0x0000000702d00000, 0x0000000702e00000, 0x0000000702e00000|100%| O|  |TAMS 0x0000000702e00000, 0x0000000702d00000| Untracked 
|   8|0x0000000702e00000, 0x0000000702f00000, 0x0000000702f00000|100%| O|  |TAMS 0x0000000702f00000, 0x0000000702e00000| Untracked 
|   9|0x0000000702f00000, 0x0000000703000000, 0x0000000703000000|100%| O|  |TAMS 0x0000000703000000, 0x0000000702f00000| Untracked 
|  10|0x0000000703000000, 0x0000000703100000, 0x0000000703100000|100%| O|  |TAMS 0x0000000703100000, 0x0000000703000000| Untracked 
|  11|0x0000000703100000, 0x0000000703200000, 0x0000000703200000|100%| O|  |TAMS 0x0000000703200000, 0x0000000703100000| Untracked 
|  12|0x0000000703200000, 0x0000000703300000, 0x0000000703300000|100%| O|  |TAMS 0x0000000703300000, 0x0000000703200000| Untracked 
|  13|0x0000000703300000, 0x0000000703400000, 0x0000000703400000|100%| O|  |TAMS 0x0000000703400000, 0x0000000703300000| Untracked 
|  14|0x0000000703400000, 0x000000070347d400, 0x0000000703500000| 48%| O|  |TAMS 0x000000070347d400, 0x0000000703400000| Untracked 
|  15|0x0000000703500000, 0x0000000703600000, 0x0000000703600000|100%| O|  |TAMS 0x0000000703500000, 0x0000000703500000| Untracked 
|  16|0x0000000703600000, 0x0000000703700000, 0x0000000703700000|100%| O|  |TAMS 0x0000000703600000, 0x0000000703600000| Untracked 
|  17|0x0000000703700000, 0x000000070375a600, 0x0000000703800000| 35%| O|  |TAMS 0x0000000703700000, 0x0000000703700000| Untracked 
|  18|0x0000000703800000, 0x0000000703800000, 0x0000000703900000|  0%| F|  |TAMS 0x0000000703800000, 0x0000000703800000| Untracked 
|  19|0x0000000703900000, 0x0000000703900000, 0x0000000703a00000|  0%| F|  |TAMS 0x0000000703900000, 0x0000000703900000| Untracked 
|  20|0x0000000703a00000, 0x0000000703a00000, 0x0000000703b00000|  0%| F|  |TAMS 0x0000000703a00000, 0x0000000703a00000| Untracked 
|  21|0x0000000703b00000, 0x0000000703b00000, 0x0000000703c00000|  0%| F|  |TAMS 0x0000000703b00000, 0x0000000703b00000| Untracked 
|  22|0x0000000703c00000, 0x0000000703c00000, 0x0000000703d00000|  0%| F|  |TAMS 0x0000000703c00000, 0x0000000703c00000| Untracked 
|  23|0x0000000703d00000, 0x0000000703d00000, 0x0000000703e00000|  0%| F|  |TAMS 0x0000000703d00000, 0x0000000703d00000| Untracked 
|  24|0x0000000703e00000, 0x0000000703e00000, 0x0000000703f00000|  0%| F|  |TAMS 0x0000000703e00000, 0x0000000703e00000| Untracked 
|  25|0x0000000703f00000, 0x0000000703f44598, 0x0000000704000000| 26%| S|CS|TAMS 0x0000000703f00000, 0x0000000703f00000| Complete 
|  26|0x0000000704000000, 0x0000000704100000, 0x0000000704100000|100%| S|CS|TAMS 0x0000000704000000, 0x0000000704000000| Complete 
|  27|0x0000000704100000, 0x0000000704200000, 0x0000000704200000|100%| S|CS|TAMS 0x0000000704100000, 0x0000000704100000| Complete 
|  28|0x0000000704200000, 0x0000000704300000, 0x0000000704300000|100%| S|CS|TAMS 0x0000000704200000, 0x0000000704200000| Complete 
|  29|0x0000000704300000, 0x0000000704300000, 0x0000000704400000|  0%| F|  |TAMS 0x0000000704300000, 0x0000000704300000| Untracked 
|  30|0x0000000704400000, 0x0000000704400000, 0x0000000704500000|  0%| F|  |TAMS 0x0000000704400000, 0x0000000704400000| Untracked 
|  31|0x0000000704500000, 0x0000000704500000, 0x0000000704600000|  0%| F|  |TAMS 0x0000000704500000, 0x0000000704500000| Untracked 
|  32|0x0000000704600000, 0x0000000704600000, 0x0000000704700000|  0%| F|  |TAMS 0x0000000704600000, 0x0000000704600000| Untracked 
|  33|0x0000000704700000, 0x0000000704700000, 0x0000000704800000|  0%| F|  |TAMS 0x0000000704700000, 0x0000000704700000| Untracked 
|  34|0x0000000704800000, 0x0000000704800000, 0x0000000704900000|  0%| F|  |TAMS 0x0000000704800000, 0x0000000704800000| Untracked 
|  35|0x0000000704900000, 0x0000000704900000, 0x0000000704a00000|  0%| F|  |TAMS 0x0000000704900000, 0x0000000704900000| Untracked 
|  36|0x0000000704a00000, 0x0000000704a00000, 0x0000000704b00000|  0%| F|  |TAMS 0x0000000704a00000, 0x0000000704a00000| Untracked 
|  37|0x0000000704b00000, 0x0000000704b00000, 0x0000000704c00000|  0%| F|  |TAMS 0x0000000704b00000, 0x0000000704b00000| Untracked 
|  38|0x0000000704c00000, 0x0000000704c00000, 0x0000000704d00000|  0%| F|  |TAMS 0x0000000704c00000, 0x0000000704c00000| Untracked 
|  39|0x0000000704d00000, 0x0000000704d00000, 0x0000000704e00000|  0%| F|  |TAMS 0x0000000704d00000, 0x0000000704d00000| Untracked 
|  40|0x0000000704e00000, 0x0000000704e00000, 0x0000000704f00000|  0%| F|  |TAMS 0x0000000704e00000, 0x0000000704e00000| Untracked 
|  41|0x0000000704f00000, 0x0000000704f00000, 0x0000000705000000|  0%| F|  |TAMS 0x0000000704f00000, 0x0000000704f00000| Untracked 
|  42|0x0000000705000000, 0x0000000705000000, 0x0000000705100000|  0%| F|  |TAMS 0x0000000705000000, 0x0000000705000000| Untracked 
|  43|0x0000000705100000, 0x0000000705100000, 0x0000000705200000|  0%| F|  |TAMS 0x0000000705100000, 0x0000000705100000| Untracked 
|  44|0x0000000705200000, 0x0000000705200000, 0x0000000705300000|  0%| F|  |TAMS 0x0000000705200000, 0x0000000705200000| Untracked 
|  45|0x0000000705300000, 0x0000000705300000, 0x0000000705400000|  0%| F|  |TAMS 0x0000000705300000, 0x0000000705300000| Untracked 
|  46|0x0000000705400000, 0x0000000705400000, 0x0000000705500000|  0%| F|  |TAMS 0x0000000705400000, 0x0000000705400000| Untracked 
|  47|0x0000000705500000, 0x0000000705500000, 0x0000000705600000|  0%| F|  |TAMS 0x0000000705500000, 0x0000000705500000| Untracked 
|  48|0x0000000705600000, 0x0000000705600000, 0x0000000705700000|  0%| F|  |TAMS 0x0000000705600000, 0x0000000705600000| Untracked 
|  49|0x0000000705700000, 0x0000000705700000, 0x0000000705800000|  0%| F|  |TAMS 0x0000000705700000, 0x0000000705700000| Untracked 
|  50|0x0000000705800000, 0x0000000705800000, 0x0000000705900000|  0%| F|  |TAMS 0x0000000705800000, 0x0000000705800000| Untracked 
|  51|0x0000000705900000, 0x0000000705900000, 0x0000000705a00000|  0%| F|  |TAMS 0x0000000705900000, 0x0000000705900000| Untracked 
|  52|0x0000000705a00000, 0x0000000705a00000, 0x0000000705b00000|  0%| F|  |TAMS 0x0000000705a00000, 0x0000000705a00000| Untracked 
|  53|0x0000000705b00000, 0x0000000705b00000, 0x0000000705c00000|  0%| F|  |TAMS 0x0000000705b00000, 0x0000000705b00000| Untracked 
|  54|0x0000000705c00000, 0x0000000705c00000, 0x0000000705d00000|  0%| F|  |TAMS 0x0000000705c00000, 0x0000000705c00000| Untracked 
|  55|0x0000000705d00000, 0x0000000705d00000, 0x0000000705e00000|  0%| F|  |TAMS 0x0000000705d00000, 0x0000000705d00000| Untracked 
|  56|0x0000000705e00000, 0x0000000705e00000, 0x0000000705f00000|  0%| F|  |TAMS 0x0000000705e00000, 0x0000000705e00000| Untracked 
| 130|0x000000070a800000, 0x000000070a800000, 0x000000070a900000|  0%| F|  |TAMS 0x000000070a800000, 0x000000070a800000| Untracked 
| 131|0x000000070a900000, 0x000000070a900000, 0x000000070aa00000|  0%| F|  |TAMS 0x000000070a900000, 0x000000070a900000| Untracked 
| 253|0x0000000712300000, 0x0000000712300000, 0x0000000712400000|  0%| F|  |TAMS 0x0000000712300000, 0x0000000712300000| Untracked 

Card table byte_map: [0x000002c158f20000,0x000002c159710000] _byte_map_base: 0x000002c15570d000

Marking Bits (Prev, Next): (CMBitMap*) 0x000002c14105fef8, (CMBitMap*) 0x000002c14105ff38
 Prev Bits: [0x000002c159f00000, 0x000002c15de68000)
 Next Bits: [0x000002c15de70000, 0x000002c161dd8000)

Polling page: 0x000002c1407d0000

Metaspace:

Usage:
  Non-class:     41.04 MB capacity,    40.11 MB ( 98%) used,   764.27 KB (  2%) free+waste,   181.81 KB ( <1%) overhead. 
      Class:      6.80 MB capacity,     6.24 MB ( 92%) used,   492.59 KB (  7%) free+waste,    87.00 KB (  1%) overhead. 
       Both:     47.84 MB capacity,    46.35 MB ( 97%) used,     1.23 MB (  3%) free+waste,   268.81 KB ( <1%) overhead. 

Virtual space:
  Non-class space:       42.00 MB reserved,      41.17 MB ( 98%) committed 
      Class space:        1.00 GB reserved,       6.88 MB ( <1%) committed 
             Both:        1.04 GB reserved,      48.05 MB (  5%) committed 

Chunk freelists:
   Non-Class:  1.50 KB
       Class:  1.38 KB
        Both:  2.88 KB

CodeHeap 'non-profiled nmethods': size=120000Kb used=2538Kb max_used=2538Kb free=117461Kb
 bounds [0x000002c150ed0000, 0x000002c151150000, 0x000002c158400000]
CodeHeap 'profiled nmethods': size=120000Kb used=9831Kb max_used=9831Kb free=110168Kb
 bounds [0x000002c1499a0000, 0x000002c14a340000, 0x000002c150ed0000]
CodeHeap 'non-nmethods': size=5760Kb used=1311Kb max_used=1457Kb free=4448Kb
 bounds [0x000002c149400000, 0x000002c149670000, 0x000002c1499a0000]
 total_blobs=5630 nmethods=4136 adapters=491
 compilation: enabled
              stopped_count=0, restarted_count=0
 full_count=0

Compilation events (10 events):
Event: 6.816 Thread 0x000002c1651f4000 nmethod 4153 0x000002c14a338710 code [0x000002c14a3388e0, 0x000002c14a338c18]
Event: 6.817 Thread 0x000002c1651f4000 4154       3       java.util.stream.Streams$2::<init> (15 bytes)
Event: 6.817 Thread 0x000002c1651f4000 nmethod 4154 0x000002c14a338d10 code [0x000002c14a338ee0, 0x000002c14a339178]
Event: 6.817 Thread 0x000002c1651f4000 4155       3       java.util.stream.AbstractPipeline::onClose (52 bytes)
Event: 6.817 Thread 0x000002c1651f4000 nmethod 4155 0x000002c14a339210 code [0x000002c14a339440, 0x000002c14a339a30]
Event: 6.817 Thread 0x000002c1651f4000 4140       1       org.hibernate.internal.SessionFactoryImpl::getSessionFactoryOptions (5 bytes)
Event: 6.817 Thread 0x000002c1651f4000 nmethod 4140 0x000002c15114a410 code [0x000002c15114a5c0, 0x000002c15114a6f8]
Event: 6.817 Thread 0x000002c1651f4000 4129       1       org.springframework.data.mapping.model.AbstractPersistentProperty::getSetter (5 bytes)
Event: 6.817 Thread 0x000002c1651f4000 nmethod 4129 0x000002c15114a790 code [0x000002c15114a940, 0x000002c15114aa78]
Event: 6.817 Thread 0x000002c1651f4000 4156   !   3       org.springframework.beans.factory.support.AbstractBeanFactory::getMergedBeanDefinition (371 bytes)

GC Heap History (10 events):
Event: 4.802 GC heap after
{Heap after GC invocations=9 (full 0):
 garbage-first heap   total 154624K, used 15747K [0x0000000702600000, 0x0000000800000000)
  region size 1024K, 2 young (2048K), 2 survivors (2048K)
 Metaspace       used 34382K, capacity 35641K, committed 35888K, reserved 1081344K
  class space    used 4510K, capacity 4982K, committed 4992K, reserved 1048576K
}
Event: 5.305 GC heap before
{Heap before GC invocations=10 (full 0):
 garbage-first heap   total 61440K, used 50563K [0x0000000702600000, 0x0000000800000000)
  region size 1024K, 36 young (36864K), 2 survivors (2048K)
 Metaspace       used 37932K, capacity 39202K, committed 39344K, reserved 1083392K
  class space    used 5033K, capacity 5506K, committed 5632K, reserved 1048576K
}
Event: 5.313 GC heap after
{Heap after GC invocations=11 (full 0):
 garbage-first heap   total 61440K, used 16393K [0x0000000702600000, 0x0000000800000000)
  region size 1024K, 2 young (2048K), 2 survivors (2048K)
 Metaspace       used 37932K, capacity 39202K, committed 39344K, reserved 1083392K
  class space    used 5033K, capacity 5506K, committed 5632K, reserved 1048576K
}
Event: 5.652 GC heap before
{Heap before GC invocations=11 (full 0):
 garbage-first heap   total 61440K, used 44041K [0x0000000702600000, 0x0000000800000000)
  region size 1024K, 29 young (29696K), 2 survivors (2048K)
 Metaspace       used 40790K, capacity 42016K, committed 42288K, reserved 1085440K
  class space    used 5423K, capacity 5911K, committed 6016K, reserved 1048576K
}
Event: 5.658 GC heap after
{Heap after GC invocations=12 (full 0):
 garbage-first heap   total 61440K, used 16774K [0x0000000702600000, 0x0000000800000000)
  region size 1024K, 3 young (3072K), 3 survivors (3072K)
 Metaspace       used 40790K, capacity 42016K, committed 42288K, reserved 1085440K
  class space    used 5423K, capacity 5911K, committed 6016K, reserved 1048576K
}
Event: 6.091 GC heap before
{Heap before GC invocations=12 (full 0):
 garbage-first heap   total 61440K, used 44422K [0x0000000702600000, 0x0000000800000000)
  region size 1024K, 30 young (30720K), 3 survivors (3072K)
 Metaspace       used 43448K, capacity 44788K, committed 44976K, reserved 1087488K
  class space    used 5861K, capacity 6381K, committed 6400K, reserved 1048576K
}
Event: 6.099 GC heap after
{Heap after GC invocations=13 (full 0):
 garbage-first heap   total 61440K, used 17397K [0x0000000702600000, 0x0000000800000000)
  region size 1024K, 3 young (3072K), 3 survivors (3072K)
 Metaspace       used 43448K, capacity 44788K, committed 44976K, reserved 1087488K
  class space    used 5861K, capacity 6381K, committed 6400K, reserved 1048576K
}
Event: 6.439 GC heap before
{Heap before GC invocations=13 (full 0):
 garbage-first heap   total 61440K, used 45045K [0x0000000702600000, 0x0000000800000000)
  region size 1024K, 30 young (30720K), 3 survivors (3072K)
 Metaspace       used 44941K, capacity 46324K, committed 46512K, reserved 1089536K
  class space    used 6050K, capacity 6590K, committed 6656K, reserved 1048576K
}
Event: 6.448 GC heap after
{Heap after GC invocations=14 (full 0):
 garbage-first heap   total 61440K, used 18413K [0x0000000702600000, 0x0000000800000000)
  region size 1024K, 3 young (3072K), 3 survivors (3072K)
 Metaspace       used 44941K, capacity 46324K, committed 46512K, reserved 1089536K
  class space    used 6050K, capacity 6590K, committed 6656K, reserved 1048576K
}
Event: 6.818 GC heap before
{Heap before GC invocations=14 (full 0):
 garbage-first heap   total 61440K, used 47085K [0x0000000702600000, 0x0000000800000000)
  region size 1024K, 31 young (31744K), 3 survivors (3072K)
 Metaspace       used 47459K, capacity 48985K, committed 49200K, reserved 1091584K
  class space    used 6385K, capacity 6965K, committed 7040K, reserved 1048576K
}

Deoptimization events (10 events):
Event: 6.301 Thread 0x000002c140ff8800 Uncommon trap: reason=class_check action=maybe_recompile pc=0x000002c150f923f4 method=org.springframework.boot.context.properties.source.ConfigurationPropertyName$Elements.charAt(II)C @ 43 c2
Event: 6.326 Thread 0x000002c140ff8800 Uncommon trap: reason=unstable_if action=reinterpret pc=0x000002c150fd9fb4 method=java.util.concurrent.ConcurrentHashMap.get(Ljava/lang/Object;)Ljava/lang/Object; @ 152 c2
Event: 6.339 Thread 0x000002c140ff8800 Uncommon trap: reason=null_check action=make_not_entrant pc=0x000002c15105b648 method=org.springframework.util.ClassUtils.isAssignable(Ljava/lang/Class;Ljava/lang/Class;)Z @ 14 c2
Event: 6.418 Thread 0x000002c140ff8800 Uncommon trap: reason=unstable_if action=reinterpret pc=0x000002c1510a3ffc method=java.util.ArrayDeque.addLast(Ljava/lang/Object;)V @ 42 c2
Event: 6.512 Thread 0x000002c140ff8800 Uncommon trap: reason=unstable_if action=reinterpret pc=0x000002c15104cb18 method=java.util.concurrent.ConcurrentHashMap.putVal(Ljava/lang/Object;Ljava/lang/Object;Z)Ljava/lang/Object; @ 401 c2
Event: 6.642 Thread 0x000002c140ff8800 Uncommon trap: reason=speculate_null_assert action=make_not_entrant pc=0x000002c150f83fcc method=org.springframework.util.ConcurrentReferenceHashMap$Segment.restructureIfNecessary(Z)V @ 41 c2
Event: 6.781 Thread 0x000002c140ff8800 Uncommon trap: reason=unstable_if action=reinterpret pc=0x000002c151099260 method=java.util.ArrayDeque.addLast(Ljava/lang/Object;)V @ 42 c2
Event: 6.790 Thread 0x000002c140ff8800 Uncommon trap: reason=class_check action=maybe_recompile pc=0x000002c15111d894 method=org.springframework.util.ConcurrentReferenceHashMap$Segment.findInChain(Lorg/springframework/util/ConcurrentReferenceHashMap$Reference;Ljava/lang/Object;I)Lorg/springfra
Event: 6.790 Thread 0x000002c140ff8800 Uncommon trap: reason=class_check action=maybe_recompile pc=0x000002c15111c8a0 method=org.springframework.util.ConcurrentReferenceHashMap$Segment.findInChain(Lorg/springframework/util/ConcurrentReferenceHashMap$Reference;Ljava/lang/Object;I)Lorg/springfra
Event: 6.807 Thread 0x000002c140ff8800 Uncommon trap: reason=class_check action=maybe_recompile pc=0x000002c15111d894 method=org.springframework.util.ConcurrentReferenceHashMap$Segment.findInChain(Lorg/springframework/util/ConcurrentReferenceHashMap$Reference;Ljava/lang/Object;I)Lorg/springfra

Classes redefined (0 events):
No events

Internal exceptions (10 events):
Event: 6.524 Thread 0x000002c140ff8800 Exception <a 'java/lang/ClassNotFoundException'{0x0000000705c033f0}: org/springframework/beans/factory/InitializingBeanCustomizer> (0x0000000705c033f0) thrown at [t:/workspace/open/src/hotspot/share/classfile/systemDictionary.cpp, line 235]
Event: 6.525 Thread 0x000002c140ff8800 Exception <a 'java/lang/ClassNotFoundException'{0x0000000705c1aea0}: org/springframework/beans/factory/DisposableBeanCustomizer> (0x0000000705c1aea0) thrown at [t:/workspace/open/src/hotspot/share/classfile/systemDictionary.cpp, line 235]
Event: 6.565 Thread 0x000002c140ff8800 Exception <a 'java/lang/NoSuchMethodError'{0x000000070596aa98}: java.lang.invoke.DirectMethodHandle$Holder.invokeSpecialIFC(Ljava/lang/Object;Ljava/lang/Object;Ljava/lang/Object;)Ljava/lang/Object;> (0x000000070596aa98) thrown at [t:/workspace/open/src/ho
Event: 6.652 Thread 0x000002c140ff8800 Exception <a 'java/lang/ClassNotFoundException'{0x00000007051f6670}: java/lang/ObjectCustomizer> (0x00000007051f6670) thrown at [t:/workspace/open/src/hotspot/share/classfile/systemDictionary.cpp, line 235]
Event: 6.652 Thread 0x000002c140ff8800 Exception <a 'java/lang/ClassNotFoundException'{0x0000000705011278}: me/biathlonvsu/biathlon/Entity/CompetitionResultCustomizer> (0x0000000705011278) thrown at [t:/workspace/open/src/hotspot/share/classfile/systemDictionary.cpp, line 235]
Event: 6.722 Thread 0x000002c140ff8800 Exception <a 'java/lang/IncompatibleClassChangeError'{0x0000000704c70c18}: Found class java.lang.Object, but interface was expected> (0x0000000704c70c18) thrown at [t:/workspace/open/src/hotspot/share/interpreter/linkResolver.cpp, line 843]
Event: 6.784 Thread 0x000002c140ff8800 Exception <a 'java/lang/ClassNotFoundException'{0x00000007048e4300}: java/lang/ObjectCustomizer> (0x00000007048e4300) thrown at [t:/workspace/open/src/hotspot/share/classfile/systemDictionary.cpp, line 235]
Event: 6.785 Thread 0x000002c140ff8800 Exception <a 'java/lang/ClassNotFoundException'{0x00000007048fd1b0}: me/biathlonvsu/biathlon/Entity/BiathleteCustomizer> (0x00000007048fd1b0) thrown at [t:/workspace/open/src/hotspot/share/classfile/systemDictionary.cpp, line 235]
Event: 6.806 Thread 0x000002c140ff8800 Exception <a 'java/lang/ClassNotFoundException'{0x0000000704311248}: java/lang/ObjectCustomizer> (0x0000000704311248) thrown at [t:/workspace/open/src/hotspot/share/classfile/systemDictionary.cpp, line 235]
Event: 6.807 Thread 0x000002c140ff8800 Exception <a 'java/lang/ClassNotFoundException'{0x000000070432a728}: me/biathlonvsu/biathlon/Entity/CompetitionCustomizer> (0x000000070432a728) thrown at [t:/workspace/open/src/hotspot/share/classfile/systemDictionary.cpp, line 235]

Events (10 events):
Event: 6.807 Thread 0x000002c140ff8800 DEOPT PACKING pc=0x000002c149f70eb4 sp=0x000000d35c2fb440
Event: 6.807 Thread 0x000002c140ff8800 DEOPT UNPACKING pc=0x000002c14943ef4e sp=0x000000d35c2fa910 mode 1
Event: 6.807 Thread 0x000002c140ff8800 DEOPT PACKING pc=0x000002c14a12ac1c sp=0x000000d35c2fb770
Event: 6.807 Thread 0x000002c140ff8800 DEOPT UNPACKING pc=0x000002c14943ef4e sp=0x000000d35c2fac30 mode 1
Event: 6.807 Thread 0x000002c140ff8800 DEOPT PACKING pc=0x000002c14a12ac1c sp=0x000000d35c2fb770
Event: 6.807 Thread 0x000002c140ff8800 DEOPT UNPACKING pc=0x000002c14943ef4e sp=0x000000d35c2fac30 mode 1
Event: 6.807 Thread 0x000002c140ff8800 Uncommon trap: trap_request=0xffffffde fr.pc=0x000002c15111d894 relative=0x00000000000006f4
Event: 6.807 Thread 0x000002c140ff8800 DEOPT PACKING pc=0x000002c15111d894 sp=0x000000d35c2fa8f0
Event: 6.807 Thread 0x000002c140ff8800 DEOPT UNPACKING pc=0x000002c14943f12f sp=0x000000d35c2fa778 mode 2
Event: 6.818 Executing VM operation: G1CollectForAllocation


Dynamic libraries:
0x00007ff63df60000 - 0x00007ff63df6f000 	C:\Program Files\Java\jdk-12.0.2\bin\java.exe
0x00007ff9ca470000 - 0x00007ff9ca665000 	C:\WINDOWS\SYSTEM32\ntdll.dll
0x00007ff9c8b00000 - 0x00007ff9c8bbe000 	C:\WINDOWS\System32\KERNEL32.DLL
0x00007ff9c7b90000 - 0x00007ff9c7e58000 	C:\WINDOWS\System32\KERNELBASE.dll
0x00007ff9c80f0000 - 0x00007ff9c81f0000 	C:\WINDOWS\System32\ucrtbase.dll
0x00007ff9c3e80000 - 0x00007ff9c3e98000 	C:\Program Files\Java\jdk-12.0.2\bin\jli.dll
0x00007ff9c3e60000 - 0x00007ff9c3e76000 	C:\Program Files\Java\jdk-12.0.2\bin\VCRUNTIME140.dll
0x00007ff9c8da0000 - 0x00007ff9c8e4e000 	C:\WINDOWS\System32\ADVAPI32.dll
0x00007ff9c9b70000 - 0x00007ff9c9c0e000 	C:\WINDOWS\System32\msvcrt.dll
0x00007ff9c9270000 - 0x00007ff9c930c000 	C:\WINDOWS\System32\sechost.dll
0x00007ff9c88c0000 - 0x00007ff9c89e5000 	C:\WINDOWS\System32\RPCRT4.dll
0x00007ff9ca1b0000 - 0x00007ff9ca350000 	C:\WINDOWS\System32\USER32.dll
0x00007ff9c82d0000 - 0x00007ff9c82f2000 	C:\WINDOWS\System32\win32u.dll
0x00007ff9b32b0000 - 0x00007ff9b354a000 	C:\WINDOWS\WinSxS\amd64_microsoft.windows.common-controls_6595b64144ccf1df_6.0.19041.1110_none_60b5254171f9507e\COMCTL32.dll
0x00007ff9c8c90000 - 0x00007ff9c8cbb000 	C:\WINDOWS\System32\GDI32.dll
0x00007ff9c7e60000 - 0x00007ff9c7f6b000 	C:\WINDOWS\System32\gdi32full.dll
0x00007ff9c8050000 - 0x00007ff9c80ed000 	C:\WINDOWS\System32\msvcp_win.dll
0x00007ff9c1bc0000 - 0x00007ff9c1bca000 	C:\WINDOWS\SYSTEM32\VERSION.dll
0x00007ff9c8e50000 - 0x00007ff9c8e80000 	C:\WINDOWS\System32\IMM32.DLL
0x00007ff999710000 - 0x00007ff9997ba000 	C:\Program Files\Java\jdk-12.0.2\bin\msvcp140.dll
0x00007ff982b60000 - 0x00007ff9836d7000 	C:\Program Files\Java\jdk-12.0.2\bin\server\jvm.dll
0x00007ff9ca350000 - 0x00007ff9ca358000 	C:\WINDOWS\System32\PSAPI.DLL
0x00007ff9ab880000 - 0x00007ff9ab889000 	C:\WINDOWS\SYSTEM32\WSOCK32.dll
0x00007ff9b35a0000 - 0x00007ff9b35c7000 	C:\WINDOWS\SYSTEM32\WINMM.dll
0x00007ff9c8bc0000 - 0x00007ff9c8c2b000 	C:\WINDOWS\System32\ws2_32.DLL
0x00007ff9c63f0000 - 0x00007ff9c6402000 	C:\WINDOWS\SYSTEM32\kernel.appcore.dll
0x00007ff9c3e40000 - 0x00007ff9c3e51000 	C:\Program Files\Java\jdk-12.0.2\bin\verify.dll
0x00007ff9c5780000 - 0x00007ff9c5964000 	C:\WINDOWS\SYSTEM32\DBGHELP.DLL
0x00007ff9a29b0000 - 0x00007ff9a29dc000 	C:\WINDOWS\SYSTEM32\dbgcore.DLL
0x00007ff9c81f0000 - 0x00007ff9c8272000 	C:\WINDOWS\System32\bcryptPrimitives.dll
0x00007ff9c3e10000 - 0x00007ff9c3e36000 	C:\Program Files\Java\jdk-12.0.2\bin\java.dll
0x00007ff99b170000 - 0x00007ff99b1a8000 	C:\Program Files\Java\jdk-12.0.2\bin\jdwp.dll
0x00007ff9c2200000 - 0x00007ff9c220e000 	C:\Program Files\Java\jdk-12.0.2\bin\instrument.dll
0x00007ff9bfd70000 - 0x00007ff9bfd87000 	C:\Program Files\Java\jdk-12.0.2\bin\zip.dll
0x00007ff9c4260000 - 0x00007ff9c426a000 	C:\Program Files\Java\jdk-12.0.2\bin\jimage.dll
0x00007ff9c9420000 - 0x00007ff9c9b64000 	C:\WINDOWS\System32\SHELL32.dll
0x00007ff9c5990000 - 0x00007ff9c6124000 	C:\WINDOWS\SYSTEM32\windows.storage.dll
0x00007ff9c8e80000 - 0x00007ff9c91d4000 	C:\WINDOWS\System32\combase.dll
0x00007ff9c75d0000 - 0x00007ff9c75fc000 	C:\WINDOWS\SYSTEM32\Wldp.dll
0x00007ff9c9310000 - 0x00007ff9c93bd000 	C:\WINDOWS\System32\SHCORE.dll
0x00007ff9c8580000 - 0x00007ff9c85d5000 	C:\WINDOWS\System32\shlwapi.dll
0x00007ff9c7ad0000 - 0x00007ff9c7aef000 	C:\WINDOWS\SYSTEM32\profapi.dll
0x00007ff9bfde0000 - 0x00007ff9bfdea000 	C:\Program Files\Java\jdk-12.0.2\bin\dt_socket.dll
0x00007ff9c72f0000 - 0x00007ff9c735a000 	C:\WINDOWS\system32\mswsock.dll
0x00007ff9ab7d0000 - 0x00007ff9ab7e9000 	C:\Program Files\Java\jdk-12.0.2\bin\net.dll
0x00007ff9c1570000 - 0x00007ff9c1679000 	C:\WINDOWS\SYSTEM32\WINHTTP.dll
0x00007ff9bda00000 - 0x00007ff9bdbec000 	C:\WINDOWS\SYSTEM32\urlmon.dll
0x00007ff9be010000 - 0x00007ff9be2c1000 	C:\WINDOWS\SYSTEM32\iertutil.dll
0x00007ff9c7110000 - 0x00007ff9c711c000 	C:\WINDOWS\SYSTEM32\netutils.dll
0x00007ff9c1230000 - 0x00007ff9c1258000 	C:\WINDOWS\SYSTEM32\srvcli.dll
0x00007ff9ab7b0000 - 0x00007ff9ab7c3000 	C:\Program Files\Java\jdk-12.0.2\bin\nio.dll
0x00007ff9a9c40000 - 0x00007ff9a9c49000 	C:\Program Files\Java\jdk-12.0.2\bin\management.dll
0x00007ff9a7e50000 - 0x00007ff9a7e5c000 	C:\Program Files\Java\jdk-12.0.2\bin\management_ext.dll
0x00007ff99ce30000 - 0x00007ff99ce47000 	C:\WINDOWS\system32\napinsp.dll
0x00007ff99ce10000 - 0x00007ff99ce2b000 	C:\WINDOWS\system32\pnrpnsp.dll
0x00007ff99cdf0000 - 0x00007ff99ce05000 	C:\WINDOWS\system32\wshbth.dll
0x00007ff9c3fd0000 - 0x00007ff9c3fed000 	C:\WINDOWS\system32\NLAapi.dll
0x00007ff9c6fb0000 - 0x00007ff9c6feb000 	C:\WINDOWS\SYSTEM32\IPHLPAPI.DLL
0x00007ff9c6ff0000 - 0x00007ff9c70ba000 	C:\WINDOWS\SYSTEM32\DNSAPI.dll
0x00007ff9c89f0000 - 0x00007ff9c89f8000 	C:\WINDOWS\System32\NSI.dll
0x00007ff99cd40000 - 0x00007ff99cd52000 	C:\WINDOWS\System32\winrnr.dll
0x00007ff9c1530000 - 0x00007ff9c153a000 	C:\Windows\System32\rasadhlp.dll
0x00007ff9c0820000 - 0x00007ff9c089f000 	C:\WINDOWS\System32\fwpuclnt.dll
0x00007ff9c8020000 - 0x00007ff9c8047000 	C:\WINDOWS\System32\bcrypt.dll
0x00007ff9c74d0000 - 0x00007ff9c74e8000 	C:\WINDOWS\SYSTEM32\CRYPTSP.dll
0x00007ff9c6c20000 - 0x00007ff9c6c54000 	C:\WINDOWS\system32\rsaenh.dll
0x00007ff9c7a90000 - 0x00007ff9c7abe000 	C:\WINDOWS\SYSTEM32\USERENV.dll
0x00007ff9c7490000 - 0x00007ff9c749c000 	C:\WINDOWS\SYSTEM32\CRYPTBASE.dll
0x00007ff9c34f0000 - 0x00007ff9c3507000 	C:\WINDOWS\SYSTEM32\dhcpcsvc6.DLL
0x00007ff9c34d0000 - 0x00007ff9c34ed000 	C:\WINDOWS\SYSTEM32\dhcpcsvc.DLL

dbghelp: loaded successfully - version: 4.0.5 - missing functions: none
symbol engine: initialized successfully - sym options: 0x614 - pdb path: .;C:\Program Files\Java\jdk-12.0.2\bin;C:\WINDOWS\SYSTEM32;C:\WINDOWS\WinSxS\amd64_microsoft.windows.common-controls_6595b64144ccf1df_6.0.19041.1110_none_60b5254171f9507e;C:\Program Files\Java\jdk-12.0.2\bin\server

VM Arguments:
jvm_args: -agentlib:jdwp=transport=dt_socket,address=127.0.0.1:54308,suspend=y,server=n -ea -Didea.test.cyclic.buffer.size=1048576 -javaagent:C:\Users\Sergey\AppData\Local\JetBrains\IntelliJIdea2020.2\captureAgent\debugger-agent.jar -Dfile.encoding=UTF-8 
java_command: com.intellij.rt.junit.JUnitStarter -ideVersion5 -junit5 me.biathlonvsu.biathlon.Entity.UserTest,getBiathletes
java_class_path (initial): C:\Program Files\JetBrains\IntelliJ IDEA 2020.2.1\lib\idea_rt.jar;C:\Users\Sergey\.m2\repository\org\junit\platform\junit-platform-launcher\1.8.2\junit-platform-launcher-1.8.2.jar;C:\Users\Sergey\.m2\repository\org\junit\vintage\junit-vintage-engine\5.8.2\junit-vintage-engine-5.8.2.jar;C:\Users\Sergey\.m2\repository\org\hamcrest\hamcrest-core\1.3\hamcrest-core-1.3.jar;C:\Program Files\JetBrains\IntelliJ IDEA 2020.2.1\plugins\junit\lib\junit5-rt.jar;C:\Program Files\JetBrains\IntelliJ IDEA 2020.2.1\plugins\junit\lib\junit-rt.jar;D:\my work\TP\biathlon\target\test-classes;D:\my work\TP\biathlon\target\classes;C:\Users\Sergey\.m2\repository\org\springframework\boot\spring-boot-starter\2.6.4\spring-boot-starter-2.6.4.jar;C:\Users\Sergey\.m2\repository\org\springframework\boot\spring-boot\2.6.4\spring-boot-2.6.4.jar;C:\Users\Sergey\.m2\repository\org\springframework\boot\spring-boot-autoconfigure\2.6.4\spring-boot-autoconfigure-2.6.4.jar;C:\Users\Sergey\.m2\repository\org\springframework\boot\spring-boot-starter-logging\2.6.4\spring-boot-starter-logging-2.6.4.jar;C:\Users\Sergey\.m2\repository\ch\qos\logback\logback-classic\1.2.10\logback-classic-1.2.10.jar;C:\Users\Sergey\.m2\repository\ch\qos\logback\logback-core\1.2.10\logback-core-1.2.10.jar;C:\Users\Sergey\.m2\repository\org\apache\logging\log4j\log4j-to-slf4j\2.17.1\log4j-to-slf4j-2.17.1.jar;C:\Users\Sergey\.m2\repository\org\apache\logging\log4j\log4j-api\2.17.1\log4j-api-2.17.1.jar;C:\Users\Sergey\.m2\repository\org\slf4j\jul-to-slf4j\1.7.36\jul-to-slf4j-1.7.36.jar;C:\Users\Sergey\.m2\repository\jakarta\annotation\jakarta.annotation-api\1.3.5\jakarta.annotation-api-1.3.5.jar;C:\Users\Sergey\.m2\repository\org\springframework\spring-core\5.3.16\spring-core-5.3.16.jar;C:\Users\Sergey\.m2\repository\org\springframework\spring-jcl\5.3.16\spring-jcl-5.3.16.jar;C:\Users\Sergey\.m2\repository\org\yaml\snakeyaml\1.29\snakeyaml-1.29.jar;C:\Users\Sergey\.m2\repository\com\h2database\h2\1.4.200\
Launcher Type: SUN_STANDARD

[Global flags]
     intx CICompilerCount                          = 4                                         {product} {ergonomic}
     uint ConcGCThreads                            = 2                                         {product} {ergonomic}
     uint G1ConcRefinementThreads                  = 8                                         {product} {ergonomic}
   size_t G1HeapRegionSize                         = 1048576                                   {product} {ergonomic}
    uintx GCDrainStackTargetSize                   = 64                                        {product} {ergonomic}
   size_t InitialHeapSize                          = 266338304                                 {product} {ergonomic}
   size_t MarkStackSize                            = 4194304                                   {product} {ergonomic}
   size_t MaxHeapSize                              = 4255121408                                {product} {ergonomic}
   size_t MaxNewSize                               = 2552233984                                {product} {ergonomic}
   size_t MinHeapDeltaBytes                        = 1048576                                   {product} {ergonomic}
    uintx NonNMethodCodeHeapSize                   = 5836300                                {pd product} {ergonomic}
    uintx NonProfiledCodeHeapSize                  = 122910970                              {pd product} {ergonomic}
    uintx ProfiledCodeHeapSize                     = 122910970                              {pd product} {ergonomic}
    uintx ReservedCodeCacheSize                    = 251658240                              {pd product} {ergonomic}
     bool SegmentedCodeCache                       = true                                      {product} {ergonomic}
     bool UseCompressedClassPointers               = true                                 {lp64_product} {ergonomic}
     bool UseCompressedOops                        = true                                 {lp64_product} {ergonomic}
     bool UseG1GC                                  = true                                      {product} {ergonomic}
     bool UseLargePagesIndividualAllocation        = false                                  {pd product} {ergonomic}

Logging:
Log output configuration:
 #0: stdout all=warning uptime,level,tags
 #1: stderr all=off uptime,level,tags

Environment Variables:
CLASSPATH=.,C:\Program Files\Java\jdk-12.0.2\bin
PATH=C:\Program Files (x86)\Intel\Intel(R) Management Engine Components\iCLS\;C:\Program Files\Intel\Intel(R) Management Engine Components\iCLS\;C:\Windows\system32;C:\Windows;C:\Windows\System32\Wbem;C:\Windows\System32\WindowsPowerShell\v1.0\;C:\Windows\System32\OpenSSH\;C:\Program Files (x86)\Intel\Intel(R) Management Engine Components\DAL;C:\Program Files\Intel\Intel(R) Management Engine Components\DAL;C:\Program Files (x86)\NVIDIA Corporation\PhysX\Common;C:\Program Files\NVIDIA Corporation\NVIDIA NvDLISR;C:\WINDOWS\system32;C:\WINDOWS;C:\WINDOWS\System32\Wbem;C:\WINDOWS\System32\WindowsPowerShell\v1.0\;C:\WINDOWS\System32\OpenSSH\;C:\Program Files\Java\jdk-12.0.2\bin;C:\Program Files (x86)\dotnet\;C:\Program Files\Microsoft SQL Server\120\Tools\Binn\;C:\Program Files\Microsoft SQL Server\Client SDK\ODBC\110\Tools\Binn\;C:\Program Files (x86)\Microsoft SQL Server\120\Tools\Binn\;C:\Program Files\Microsoft SQL Server\120\DTS\Binn\;C:\Program Files\nodejs\;C:\Program Files\dotnet\;C:\Program Files\Git\cmd;C:\Program Files\MATLAB\R2022a\bin;C:\Users\Sergey\AppData\Local\Microsoft\WindowsApps;C:\Users\Sergey\AppData\Roaming\npm
USERNAME=Sergey
OS=Windows_NT
PROCESSOR_IDENTIFIER=Intel64 Family 6 Model 142 Stepping 11, GenuineIntel



---------------  S Y S T E M  ---------------

OS: Windows 10 , 64 bit Build 19041 (10.0.19041.1566)

CPU:total 8 (initial active 8) (4 cores per cpu, 2 threads per core) family 6 model 142 stepping 11, cmov, cx8, fxsr, mmx, sse, sse2, sse3, ssse3, sse4.1, sse4.2, popcnt, avx, avx2, aes, clmul, erms, 3dnowpref, lzcnt, ht, tsc, tscinvbit, bmi1, bmi2, adx, fma

Memory: 4k page, system-wide physical 16230M (2751M free)
TotalPageFile size 19154M (AvailPageFile size 29M)
current process WorkingSet (physical memory assigned to process): 390M, peak: 403M
current process commit charge ("private bytes"): 438M, peak: 510M

vm_info: Java HotSpot(TM) 64-Bit Server VM (12.0.2+10) for windows-amd64 JRE (12.0.2+10), built on Jul 16 2019 01:56:17 by "mach5one" with MS VC++ 15.5 (VS2017)

END.
